#
# A fatal error has been detected by the Java Runtime Environment:
#
#  SIGSEGV (0xb) at pc=0x00007f3cfd069cba, pid=10213, tid=0x00007f3cbfdf9700
#
# JRE version: Java(TM) SE Runtime Environment (8.0_171-b11) (build 1.8.0_171-b11)
# Java VM: Java HotSpot(TM) 64-Bit Server VM (25.171-b11 mixed mode linux-amd64 compressed oops)
# Problematic frame:
# v  ~BufferBlob::jni_fast_GetLongField
#
# Failed to write core dump. Core dumps have been disabled. To enable core dumping, try "ulimit -c unlimited" before starting Java again
#
# If you would like to submit a bug report, please visit:
#   http://bugreport.java.com/bugreport/crash.jsp
# The crash happened outside the Java Virtual Machine in native code.
# See problematic frame for where to report the bug.
#

---------------  T H R E A D  ---------------

Current thread (0x00007f3d0c2e8800):  JavaThread "AWT-XAWT" daemon [_thread_in_native, id=10236, stack(0x00007f3cbfcf9000,0x00007f3cbfdfa000)]

siginfo: si_signo: 11 (SIGSEGV), si_code: 1 (SEGV_MAPERR), si_addr: 0x0000000000000000

Registers:
RAX=0x00007f3d12d894c0, RBX=0x00007f3d0c2e89f8, RCX=0x00007f3d1381a320, RDX=0x0000000000000042
RSP=0x00007f3cbfdf8658, RBP=0x00007f3cbfdf8680, RSI=0x0000000000000000, RDI=0x00007f3d0c2e89f8
R8 =0x00000000000001f4, R9 =0x0000000000000000, R10=0x000000000000001a, R11=0x00007f3cfd256258
R12=0x00007f3ca400e170, R13=0x0000000000000000, R14=0x00007f3ce5db3820, R15=0x00007f3d0c2e8800
RIP=0x00007f3cfd069cba, EFLAGS=0x0000000000010246, CSGSFS=0x002b000000000033, ERR=0x0000000000000004
  TRAPNO=0x000000000000000e

Top of Stack: (sp=0x00007f3cbfdf8658)
0x00007f3cbfdf8658:   00007f3ce5b92001 00007f3ce7de6fb0
0x00007f3cbfdf8668:   00007f3ca400e170 00007f3cbfdf8730
0x00007f3cbfdf8678:   00007f3cbfdf8700 0000000000000000
0x00007f3cbfdf8688:   00007f3ce5674300 00007f3ce7de6fb0
0x00007f3cbfdf8698:   00007f3cbfdf86c0 0000000000000000
0x00007f3cbfdf86a8:   00007f3ce566be23 00007f3cbfdf8730
0x00007f3cbfdf86b8:   00007f3ce5b8b23f 00007f3cbfdf8710
0x00007f3cbfdf86c8:   00007f3cfd2562f6 0000000000000000
0x00007f3cbfdf86d8:   00007f3cfd246ab6 00007f3cbfdf8790
0x00007f3cbfdf86e8:   00007f3cfd22ec54 00007f3cbfdf8790
0x00007f3cbfdf86f8:   00000000d736e410 00000000d736f170
0x00007f3cbfdf8708:   0000000000000001 00007f3cbfdf8790
0x00007f3cbfdf8718:   00007f3cfd007a90 00007f3cbfdf8790
0x00007f3cbfdf8728:   00007f3cfd007a90 0000000000000000
0x00007f3cbfdf8738:   00007f3cfd007dd0 00007f3cb40050a0
0x00007f3cbfdf8748:   00000000d73db630 00007f3cbfdf8750
0x00007f3cbfdf8758:   00007f3ce7dc718c 00007f3cbfdf87d8
0x00007f3cbfdf8768:   00007f3ce7dd0170 0000000000000000
0x00007f3cbfdf8778:   00007f3ce7dc72c8 00007f3cbfdf8730
0x00007f3cbfdf8788:   00007f3cbfdf87d0 00007f3cbfdf8820
0x00007f3cbfdf8798:   00007f3cfd0082bd 0000000000000000
0x00007f3cbfdf87a8:   00000000d772a990 00000000d76f8ee0
0x00007f3cbfdf87b8:   0000000000000000 0000000000000000
0x00007f3cbfdf87c8:   00000000d73db630 0000000000000000
0x00007f3cbfdf87d8:   00000000d73a18a8 00007f3cbfdf87e0
0x00007f3cbfdf87e8:   00007f3ce7dc6fcd 00007f3cbfdf8830
0x00007f3cbfdf87f8:   00007f3ce7dd0170 0000000000000000
0x00007f3cbfdf8808:   00007f3ce7dc6fd8 00007f3cbfdf87d0
0x00007f3cbfdf8818:   00007f3cbfdf8830 00007f3cbfdf8878
0x00007f3cbfdf8828:   00007f3cfd008302 00000000d73a18a8
0x00007f3cbfdf8838:   00007f3cbfdf8838 00007f3ce782e53b
0x00007f3cbfdf8848:   00007f3cbfdf8888 00007f3ce78b5f88 

Instructions: (pc=0x00007f3cfd069cba)
0x00007f3cfd069c9a:   00 00 00 00 00 00 44 8b 15 41 f3 d5 15 4c 8b ce
0x00007f3cfd069caa:   41 f6 c2 01 0f 85 2e 00 00 00 4d 33 ca 4d 33 ca
0x00007f3cfd069cba:   4d 8b 09 4c 8b da 49 c1 eb 02 4b 8b 04 19 49 bb
0x00007f3cfd069cca:   e8 8f dc 12 3d 7f 00 00 4c 33 d8 4c 33 d8 45 3b 

Register to memory mapping:

RAX=0x00007f3d12d894c0: <offset 0xf914c0> in /usr/lib/jvm/java-8-oracle/jre/lib/amd64/server/libjvm.so at 0x00007f3d11df8000
RBX=0x00007f3d0c2e89f8 is an unknown value
RCX=0x00007f3d1381a320: <offset 0x21a320> in /lib/x86_64-linux-gnu/libpthread.so.0 at 0x00007f3d13600000
RDX=0x0000000000000042 is an unknown value
RSP=0x00007f3cbfdf8658 is pointing into the stack for thread: 0x00007f3d0c2e8800
RBP=0x00007f3cbfdf8680 is pointing into the stack for thread: 0x00007f3d0c2e8800
RSI=0x0000000000000000 is an unknown value
RDI=0x00007f3d0c2e89f8 is an unknown value
R8 =0x00000000000001f4 is an unknown value
R9 =0x0000000000000000 is an unknown value
R10=0x000000000000001a is an unknown value
R11=0x00007f3cfd256258 is at entry_point+24 in (nmethod*)0x00007f3cfd2560d0
R12=0x00007f3ca400e170 is an unknown value
R13=0x0000000000000000 is an unknown value
R14=0x00007f3ce5db3820: <offset 0x258820> in /usr/lib/jvm/java-8-oracle/jre/lib/amd64/libawt_xawt.so at 0x00007f3ce5b5b000
R15=0x00007f3d0c2e8800 is a thread


Stack: [0x00007f3cbfcf9000,0x00007f3cbfdfa000],  sp=0x00007f3cbfdf8658,  free space=1021k
Native frames: (J=compiled Java code, j=interpreted, Vv=VM code, C=native code)
v  ~BufferBlob::jni_fast_GetLongField
C  [libX11.so.6+0x64300]  _XimServerDestroy+0x70

Java frames: (J=compiled Java code, j=interpreted, Vv=VM code)
J 573  sun.awt.X11.XlibWrapper.XFilterEvent(JJ)Z (0 bytes) @ 0x00007f3cfd256284 [0x00007f3cfd256240+0x44]
j  sun.awt.X11.XToolkit.run(Z)V+300
j  sun.awt.X11.XToolkit.run()V+5
j  java.lang.Thread.run()V+11
v  ~StubRoutines::call_stub

---------------  P R O C E S S  ---------------

Java Threads: ( => current thread )
=>0x00007f3d0c2e8800 JavaThread "AWT-XAWT" daemon [_thread_in_native, id=10236, stack(0x00007f3cbfcf9000,0x00007f3cbfdfa000)]
  0x00007f3d0c2cd000 JavaThread "Java2D Disposer" daemon [_thread_blocked, id=10235, stack(0x00007f3ce4217000,0x00007f3ce4318000)]
  0x00007f3d0c0c9800 JavaThread "Service Thread" daemon [_thread_blocked, id=10231, stack(0x00007f3ce640f000,0x00007f3ce6510000)]
  0x00007f3d0c0be800 JavaThread "C1 CompilerThread2" daemon [_thread_blocked, id=10230, stack(0x00007f3ce6511000,0x00007f3ce6611000)]
  0x00007f3d0c0bd000 JavaThread "C2 CompilerThread1" daemon [_thread_blocked, id=10229, stack(0x00007f3ce6612000,0x00007f3ce6712000)]
  0x00007f3d0c0ba000 JavaThread "C2 CompilerThread0" daemon [_thread_blocked, id=10228, stack(0x00007f3ce6713000,0x00007f3ce6813000)]
  0x00007f3d0c0b8800 JavaThread "Signal Dispatcher" daemon [_thread_blocked, id=10227, stack(0x00007f3ce6813000,0x00007f3ce6914000)]
  0x00007f3d0c085800 JavaThread "Finalizer" daemon [_thread_blocked, id=10226, stack(0x00007f3ce6bf4000,0x00007f3ce6cf5000)]
  0x00007f3d0c081000 JavaThread "Reference Handler" daemon [_thread_blocked, id=10225, stack(0x00007f3ce6cf5000,0x00007f3ce6df6000)]
  0x00007f3d0c00b800 JavaThread "main" [_thread_in_native, id=10215, stack(0x00007f3d13922000,0x00007f3d13a22000)]

Other Threads:
  0x00007f3d0c079800 VMThread [stack: 0x00007f3ce6df7000,0x00007f3ce6ef7000] [id=10224]
  0x00007f3d0c0ce800 WatcherThread [stack: 0x00007f3ce630f000,0x00007f3ce640f000] [id=10232]

VM state:not at safepoint (normal execution)

VM Mutex/Monitor currently owned by a thread: None

Heap:
 PSYoungGen      total 36864K, used 8913K [0x00000000d6f80000, 0x00000000d9880000, 0x0000000100000000)
  eden space 31744K, 28% used [0x00000000d6f80000,0x00000000d7834620,0x00000000d8e80000)
  from space 5120K, 0% used [0x00000000d9380000,0x00000000d9380000,0x00000000d9880000)
  to   space 5120K, 0% used [0x00000000d8e80000,0x00000000d8e80000,0x00000000d9380000)
 ParOldGen       total 84992K, used 0K [0x0000000084e00000, 0x000000008a100000, 0x00000000d6f80000)
  object space 84992K, 0% used [0x0000000084e00000,0x0000000084e00000,0x000000008a100000)
 Metaspace       used 12127K, capacity 12402K, committed 12544K, reserved 1060864K
  class space    used 1416K, capacity 1492K, committed 1536K, reserved 1048576K

Card table byte_map: [0x00007f3d1021f000,0x00007f3d105f9000] byte_map_base: 0x00007f3d0fdf8000

Marking Bits: (ParMarkBitMap*) 0x00007f3d12dc8280
 Begin Bits: [0x00007f3cf4270000, 0x00007f3cf6138000)
 End Bits:   [0x00007f3cf6138000, 0x00007f3cf8000000)

Polling page: 0x00007f3d13a45000

CodeCache: size=245760Kb used=2478Kb max_used=2478Kb free=243281Kb
 bounds [0x00007f3cfd000000, 0x00007f3cfd270000, 0x00007f3d0c000000]
 total_blobs=1129 nmethods=579 adapters=464
 compilation: enabled

Compilation events (10 events):
Event: 239,148 Thread 0x00007f3d0c0be800  575       3       java.util.Vector::<init> (53 bytes)
Event: 239,149 Thread 0x00007f3d0c0be800 nmethod 575 0x00007f3cfd269d10 code [0x00007f3cfd269ec0, 0x00007f3cfd26a378]
Event: 263,946 Thread 0x00007f3d0c0be800  576  s    3       java.util.Vector::iterator (10 bytes)
Event: 263,946 Thread 0x00007f3d0c0be800 nmethod 576 0x00007f3cfd2552d0 code [0x00007f3cfd255460, 0x00007f3cfd2558d0]
Event: 263,946 Thread 0x00007f3d0c0be800  577       3       java.util.Vector$Itr::<init> (6 bytes)
Event: 263,946 Thread 0x00007f3d0c0be800 nmethod 577 0x00007f3cfd26a550 code [0x00007f3cfd26a6c0, 0x00007f3cfd26a8f0]
Event: 263,976 Thread 0x00007f3d0c0be800  578  s    3       java.util.Vector::toArray (12 bytes)
Event: 263,976 Thread 0x00007f3d0c0be800 nmethod 578 0x00007f3cfd26aa10 code [0x00007f3cfd26ab80, 0x00007f3cfd26af88]
Event: 263,977 Thread 0x00007f3d0c0be800  579   !   3       sun.awt.X11.XToolkit$1::dispatchEvent (34 bytes)
Event: 263,977 Thread 0x00007f3d0c0be800 nmethod 579 0x00007f3cfd26b0d0 code [0x00007f3cfd26b320, 0x00007f3cfd26c138]

GC Heap History (0 events):
No events

Deoptimization events (6 events):
Event: 3,462 Thread 0x00007f3d0c00b800 Uncommon trap: reason=unstable_if action=reinterpret pc=0x00007f3cfd158db8 method=java.security.DigestInputStream.read()I @ 17
Event: 3,462 Thread 0x00007f3d0c00b800 Uncommon trap: reason=unstable_if action=reinterpret pc=0x00007f3cfd150fa4 method=org.sqlite.SQLiteJDBCLoader.md5sum(Ljava/io/InputStream;)Ljava/lang/String; @ 29
Event: 3,462 Thread 0x00007f3d0c00b800 Uncommon trap: reason=unstable_if action=reinterpret pc=0x00007f3cfd156238 method=sun.security.provider.DigestBase.engineUpdate(B)V @ 4
Event: 4,551 Thread 0x00007f3d0c350800 Uncommon trap: reason=class_check action=maybe_recompile pc=0x00007f3cfd1ba1a8 method=java.lang.String.equals(Ljava/lang/Object;)Z @ 8
Event: 4,552 Thread 0x00007f3d0c350800 Uncommon trap: reason=class_check action=maybe_recompile pc=0x00007f3cfd1ba1a8 method=java.lang.String.equals(Ljava/lang/Object;)Z @ 8
Event: 4,552 Thread 0x00007f3d0c350800 Uncommon trap: reason=class_check action=maybe_recompile pc=0x00007f3cfd1ba1a8 method=java.lang.String.equals(Ljava/lang/Object;)Z @ 8

Classes redefined (0 events):
No events

Internal exceptions (10 events):
Event: 0,087 Thread 0x00007f3d0c00b800 Exception <a 'java/security/PrivilegedActionException'> (0x00000000d70156f0) thrown at [/HUDSON/workspace/8-2-build-linux-amd64/jdk8u171/10807/hotspot/src/share/vm/prims/jvm.cpp, line 1435]
Event: 0,087 Thread 0x00007f3d0c00b800 Exception <a 'java/security/PrivilegedActionException'> (0x00000000d7015ae8) thrown at [/HUDSON/workspace/8-2-build-linux-amd64/jdk8u171/10807/hotspot/src/share/vm/prims/jvm.cpp, line 1435]
Event: 0,088 Thread 0x00007f3d0c00b800 Exception <a 'java/security/PrivilegedActionException'> (0x00000000d7018138) thrown at [/HUDSON/workspace/8-2-build-linux-amd64/jdk8u171/10807/hotspot/src/share/vm/prims/jvm.cpp, line 1435]
Event: 0,088 Thread 0x00007f3d0c00b800 Exception <a 'java/security/PrivilegedActionException'> (0x00000000d7018530) thrown at [/HUDSON/workspace/8-2-build-linux-amd64/jdk8u171/10807/hotspot/src/share/vm/prims/jvm.cpp, line 1435]
Event: 3,462 Thread 0x00007f3d0c00b800 Implicit null exception at 0x00007f3cfd155f4a to 0x00007f3cfd156225
Event: 3,548 Thread 0x00007f3d0c00b800 Exception <a 'java/lang/NoSuchFieldError': method resolution failed> (0x00000000d72c1598) thrown at [/HUDSON/workspace/8-2-build-linux-amd64/jdk8u171/10807/hotspot/src/share/vm/prims/methodHandles.cpp, line 1167]
Event: 3,550 Thread 0x00007f3d0c00b800 Exception <a 'java/lang/NoSuchFieldError': method resolution failed> (0x00000000d72ced38) thrown at [/HUDSON/workspace/8-2-build-linux-amd64/jdk8u171/10807/hotspot/src/share/vm/prims/methodHandles.cpp, line 1167]
Event: 3,573 Thread 0x00007f3d0c00b800 Exception <a 'java/io/FileNotFoundException'> (0x00000000d734e1a0) thrown at [/HUDSON/workspace/8-2-build-linux-amd64/jdk8u171/10807/hotspot/src/share/vm/prims/jni.cpp, line 709]
Event: 3,573 Thread 0x00007f3d0c00b800 Exception <a 'java/io/FileNotFoundException'> (0x00000000d734ec80) thrown at [/HUDSON/workspace/8-2-build-linux-amd64/jdk8u171/10807/hotspot/src/share/vm/prims/jni.cpp, line 709]
Event: 3,840 Thread 0x00007f3d0c350800 Exception <a 'java/lang/UnsupportedOperationException': > (0x00000000d766b440) thrown at [/HUDSON/workspace/8-2-build-linux-amd64/jdk8u171/10807/hotspot/src/share/vm/prims/jni.cpp, line 735]

Events (10 events):
Event: 4,566 loading class org/sqlite/PrepStmt done
Event: 4,567 loading class java/sql/ParameterMetaData
Event: 4,567 loading class java/sql/ParameterMetaData done
Event: 5,567 loading class sun/awt/AppContext$PostShutdownEventRunnable
Event: 5,567 loading class sun/awt/AppContext$PostShutdownEventRunnable done
Event: 5,567 loading class sun/awt/AWTAutoShutdown$1
Event: 5,567 loading class sun/awt/AWTAutoShutdown$1 done
Event: 5,568 Thread 0x00007f3d0c34d800 Thread exited: 0x00007f3d0c34d800
Event: 5,568 Thread 0x00007f3d0c350800 Thread exited: 0x00007f3d0c350800
Event: 8,644 Thread 0x00007f3d0c306800 Thread exited: 0x00007f3d0c306800


Dynamic libraries:
00400000-00401000 r-xp 00000000 08:05 40899336                           /usr/lib/jvm/java-8-oracle/bin/java
00600000-00601000 rw-p 00000000 08:05 40899336                           /usr/lib/jvm/java-8-oracle/bin/java
01331000-01352000 rw-p 00000000 00:00 0                                  [heap]
84e00000-8a100000 rw-p 00000000 00:00 0 
8a100000-d6f80000 ---p 00000000 00:00 0 
d6f80000-d9880000 rw-p 00000000 00:00 0 
d9880000-100000000 ---p 00000000 00:00 0 
100000000-100180000 rw-p 00000000 00:00 0 
100180000-140000000 ---p 00000000 00:00 0 
7f3ca4000000-7f3ca4021000 rw-p 00000000 00:00 0 
7f3ca4021000-7f3ca8000000 ---p 00000000 00:00 0 
7f3cabe00000-7f3cabec0000 rw-p 00000000 00:00 0 
7f3cabec0000-7f3cac000000 ---p 00000000 00:00 0 
7f3cac000000-7f3cac021000 rw-p 00000000 00:00 0 
7f3cac021000-7f3cb0000000 ---p 00000000 00:00 0 
7f3cb0000000-7f3cb0021000 rw-p 00000000 00:00 0 
7f3cb0021000-7f3cb4000000 ---p 00000000 00:00 0 
7f3cb4000000-7f3cb402e000 rw-p 00000000 00:00 0 
7f3cb402e000-7f3cb8000000 ---p 00000000 00:00 0 
7f3cb8000000-7f3cb8021000 rw-p 00000000 00:00 0 
7f3cb8021000-7f3cbc000000 ---p 00000000 00:00 0 
7f3cbc14d000-7f3cbc150000 ---p 00000000 00:00 0 
7f3cbc150000-7f3cbc24e000 rw-p 00000000 00:00 0 
7f3cbc24e000-7f3cbc251000 ---p 00000000 00:00 0 
7f3cbc251000-7f3cbc34f000 rw-p 00000000 00:00 0 
7f3cbc34f000-7f3cbc3b9000 r-xp 00000000 08:05 4326161                    /usr/lib/jvm/java-8-oracle/jre/lib/amd64/libt2k.so
7f3cbc3b9000-7f3cbc5b8000 ---p 0006a000 08:05 4326161                    /usr/lib/jvm/java-8-oracle/jre/lib/amd64/libt2k.so
7f3cbc5b8000-7f3cbc5bf000 rw-p 00069000 08:05 4326161                    /usr/lib/jvm/java-8-oracle/jre/lib/amd64/libt2k.so
7f3cbc5bf000-7f3cbc5cf000 rw-p 00000000 00:00 0 
7f3cbc5cf000-7f3cbc5e0000 r-xp 00000000 08:05 4326202                    /usr/lib/jvm/java-8-oracle/jre/lib/amd64/libnio.so
7f3cbc5e0000-7f3cbc7df000 ---p 00011000 08:05 4326202                    /usr/lib/jvm/java-8-oracle/jre/lib/amd64/libnio.so
7f3cbc7df000-7f3cbc7e0000 rw-p 00010000 08:05 4326202                    /usr/lib/jvm/java-8-oracle/jre/lib/amd64/libnio.so
7f3cbc7e0000-7f3cbf7e1000 rw-p 00000000 00:00 0 
7f3cbf7e1000-7f3cbf7f7000 r-xp 00000000 08:05 4326199                    /usr/lib/jvm/java-8-oracle/jre/lib/amd64/libnet.so
7f3cbf7f7000-7f3cbf9f7000 ---p 00016000 08:05 4326199                    /usr/lib/jvm/java-8-oracle/jre/lib/amd64/libnet.so
7f3cbf9f7000-7f3cbf9f8000 rw-p 00016000 08:05 4326199                    /usr/lib/jvm/java-8-oracle/jre/lib/amd64/libnet.so
7f3cbf9f8000-7f3cbfbf8000 rw-p 00000000 00:00 0 
7f3cbfbf8000-7f3cbfbfb000 ---p 00000000 00:00 0 
7f3cbfbfb000-7f3cbfcf9000 rw-p 00000000 00:00 0 
7f3cbfcf9000-7f3cbfcfc000 ---p 00000000 00:00 0 
7f3cbfcfc000-7f3cbfdfa000 rw-p 00000000 00:00 0 
7f3cbfdfa000-7f3cbfdff000 r-xp 00000000 08:05 40902471                   /usr/lib/x86_64-linux-gnu/libXfixes.so.3.1.0
7f3cbfdff000-7f3cbfffe000 ---p 00005000 08:05 40902471                   /usr/lib/x86_64-linux-gnu/libXfixes.so.3.1.0
7f3cbfffe000-7f3cbffff000 r--p 00004000 08:05 40902471                   /usr/lib/x86_64-linux-gnu/libXfixes.so.3.1.0
7f3cbffff000-7f3cc0000000 rw-p 00005000 08:05 40902471                   /usr/lib/x86_64-linux-gnu/libXfixes.so.3.1.0
7f3cc0000000-7f3cc0021000 rw-p 00000000 00:00 0 
7f3cc0021000-7f3cc4000000 ---p 00000000 00:00 0 
7f3cc4000000-7f3cc4021000 rw-p 00000000 00:00 0 
7f3cc4021000-7f3cc8000000 ---p 00000000 00:00 0 
7f3cc8000000-7f3cc811a000 rw-p 00000000 00:00 0 
7f3cc811a000-7f3ccc000000 ---p 00000000 00:00 0 
7f3ccc000000-7f3ccc301000 rw-p 00000000 00:00 0 
7f3ccc301000-7f3cd0000000 ---p 00000000 00:00 0 
7f3cd0000000-7f3cd0021000 rw-p 00000000 00:00 0 
7f3cd0021000-7f3cd4000000 ---p 00000000 00:00 0 
7f3cd4000000-7f3cd4113000 rw-p 00000000 00:00 0 
7f3cd4113000-7f3cd8000000 ---p 00000000 00:00 0 
7f3cd8000000-7f3cd8021000 rw-p 00000000 00:00 0 
7f3cd8021000-7f3cdc000000 ---p 00000000 00:00 0 
7f3cdc000000-7f3cdc021000 rw-p 00000000 00:00 0 
7f3cdc021000-7f3ce0000000 ---p 00000000 00:00 0 
7f3ce0000000-7f3ce0021000 rw-p 00000000 00:00 0 
7f3ce0021000-7f3ce4000000 ---p 00000000 00:00 0 
7f3ce400d000-7f3ce4016000 r-xp 00000000 08:05 40899568                   /usr/lib/x86_64-linux-gnu/libXcursor.so.1.0.2
7f3ce4016000-7f3ce4215000 ---p 00009000 08:05 40899568                   /usr/lib/x86_64-linux-gnu/libXcursor.so.1.0.2
7f3ce4215000-7f3ce4216000 r--p 00008000 08:05 40899568                   /usr/lib/x86_64-linux-gnu/libXcursor.so.1.0.2
7f3ce4216000-7f3ce4217000 rw-p 00009000 08:05 40899568                   /usr/lib/x86_64-linux-gnu/libXcursor.so.1.0.2
7f3ce4217000-7f3ce421a000 ---p 00000000 00:00 0 
7f3ce421a000-7f3ce4318000 rw-p 00000000 00:00 0 
7f3ce4318000-7f3ce432f000 r-xp 00000000 08:05 39321823                   /lib/x86_64-linux-gnu/libgcc_s.so.1
7f3ce432f000-7f3ce452e000 ---p 00017000 08:05 39321823                   /lib/x86_64-linux-gnu/libgcc_s.so.1
7f3ce452e000-7f3ce452f000 r--p 00016000 08:05 39321823                   /lib/x86_64-linux-gnu/libgcc_s.so.1
7f3ce452f000-7f3ce4530000 rw-p 00017000 08:05 39321823                   /lib/x86_64-linux-gnu/libgcc_s.so.1
7f3ce4530000-7f3ce4595000 r-xp 00000000 08:05 4326179                    /usr/lib/jvm/java-8-oracle/jre/lib/amd64/libfontmanager.so
7f3ce4595000-7f3ce4794000 ---p 00065000 08:05 4326179                    /usr/lib/jvm/java-8-oracle/jre/lib/amd64/libfontmanager.so
7f3ce4794000-7f3ce4799000 rw-p 00064000 08:05 4326179                    /usr/lib/jvm/java-8-oracle/jre/lib/amd64/libfontmanager.so
7f3ce4799000-7f3ce47a9000 rw-p 00000000 00:00 0 
7f3ce47a9000-7f3ce47bc000 r-xp 00000000 08:05 39321981                   /lib/x86_64-linux-gnu/libbsd.so.0.8.7
7f3ce47bc000-7f3ce49bb000 ---p 00013000 08:05 39321981                   /lib/x86_64-linux-gnu/libbsd.so.0.8.7
7f3ce49bb000-7f3ce49bc000 r--p 00012000 08:05 39321981                   /lib/x86_64-linux-gnu/libbsd.so.0.8.7
7f3ce49bc000-7f3ce49bd000 rw-p 00013000 08:05 39321981                   /lib/x86_64-linux-gnu/libbsd.so.0.8.7
7f3ce49bd000-7f3ce49be000 rw-p 00000000 00:00 0 
7f3ce49be000-7f3ce49c3000 r-xp 00000000 08:05 40902467                   /usr/lib/x86_64-linux-gnu/libXdmcp.so.6.0.0
7f3ce49c3000-7f3ce4bc2000 ---p 00005000 08:05 40902467                   /usr/lib/x86_64-linux-gnu/libXdmcp.so.6.0.0
7f3ce4bc2000-7f3ce4bc3000 r--p 00004000 08:05 40902467                   /usr/lib/x86_64-linux-gnu/libXdmcp.so.6.0.0
7f3ce4bc3000-7f3ce4bc4000 rw-p 00005000 08:05 40902467                   /usr/lib/x86_64-linux-gnu/libXdmcp.so.6.0.0
7f3ce4bc4000-7f3ce4bc6000 r-xp 00000000 08:05 40902456                   /usr/lib/x86_64-linux-gnu/libXau.so.6.0.0
7f3ce4bc6000-7f3ce4dc6000 ---p 00002000 08:05 40902456                   /usr/lib/x86_64-linux-gnu/libXau.so.6.0.0
7f3ce4dc6000-7f3ce4dc7000 r--p 00002000 08:05 40902456                   /usr/lib/x86_64-linux-gnu/libXau.so.6.0.0
7f3ce4dc7000-7f3ce4dc8000 rw-p 00003000 08:05 40902456                   /usr/lib/x86_64-linux-gnu/libXau.so.6.0.0
7f3ce4dc8000-7f3ce4dee000 r-xp 00000000 08:05 40898202                   /usr/lib/x86_64-linux-gnu/libxcb.so.1.1.0
7f3ce4dee000-7f3ce4fee000 ---p 00026000 08:05 40898202                   /usr/lib/x86_64-linux-gnu/libxcb.so.1.1.0
7f3ce4fee000-7f3ce4fef000 r--p 00026000 08:05 40898202                   /usr/lib/x86_64-linux-gnu/libxcb.so.1.1.0
7f3ce4fef000-7f3ce4ff0000 rw-p 00027000 08:05 40898202                   /usr/lib/x86_64-linux-gnu/libxcb.so.1.1.0
7f3ce4ff0000-7f3ce4fff000 r-xp 00000000 08:05 40902479                   /usr/lib/x86_64-linux-gnu/libXi.so.6.1.0
7f3ce4fff000-7f3ce51fe000 ---p 0000f000 08:05 40902479                   /usr/lib/x86_64-linux-gnu/libXi.so.6.1.0
7f3ce51fe000-7f3ce51ff000 r--p 0000e000 08:05 40902479                   /usr/lib/x86_64-linux-gnu/libXi.so.6.1.0
7f3ce51ff000-7f3ce5200000 rw-p 0000f000 08:05 40902479                   /usr/lib/x86_64-linux-gnu/libXi.so.6.1.0
7f3ce5200000-7f3ce5205000 r-xp 00000000 08:05 40902497                   /usr/lib/x86_64-linux-gnu/libXtst.so.6.1.0
7f3ce5205000-7f3ce5404000 ---p 00005000 08:05 40902497                   /usr/lib/x86_64-linux-gnu/libXtst.so.6.1.0
7f3ce5404000-7f3ce5405000 r--p 00004000 08:05 40902497                   /usr/lib/x86_64-linux-gnu/libXtst.so.6.1.0
7f3ce5405000-7f3ce5406000 rw-p 00005000 08:05 40902497                   /usr/lib/x86_64-linux-gnu/libXtst.so.6.1.0
7f3ce5406000-7f3ce540f000 r-xp 00000000 08:05 40902491                   /usr/lib/x86_64-linux-gnu/libXrender.so.1.3.0
7f3ce540f000-7f3ce560e000 ---p 00009000 08:05 40902491                   /usr/lib/x86_64-linux-gnu/libXrender.so.1.3.0
7f3ce560e000-7f3ce560f000 r--p 00008000 08:05 40902491                   /usr/lib/x86_64-linux-gnu/libXrender.so.1.3.0
7f3ce560f000-7f3ce5610000 rw-p 00009000 08:05 40902491                   /usr/lib/x86_64-linux-gnu/libXrender.so.1.3.0
7f3ce5610000-7f3ce5744000 r-xp 00000000 08:05 40902452                   /usr/lib/x86_64-linux-gnu/libX11.so.6.3.0
7f3ce5744000-7f3ce5944000 ---p 00134000 08:05 40902452                   /usr/lib/x86_64-linux-gnu/libX11.so.6.3.0
7f3ce5944000-7f3ce5945000 r--p 00134000 08:05 40902452                   /usr/lib/x86_64-linux-gnu/libX11.so.6.3.0
7f3ce5945000-7f3ce5949000 rw-p 00135000 08:05 40902452                   /usr/lib/x86_64-linux-gnu/libX11.so.6.3.0
7f3ce5949000-7f3ce595a000 r-xp 00000000 08:05 40902469                   /usr/lib/x86_64-linux-gnu/libXext.so.6.4.0
7f3ce595a000-7f3ce5b59000 ---p 00011000 08:05 40902469                   /usr/lib/x86_64-linux-gnu/libXext.so.6.4.0
7f3ce5b59000-7f3ce5b5a000 r--p 00010000 08:05 40902469                   /usr/lib/x86_64-linux-gnu/libXext.so.6.4.0
7f3ce5b5a000-7f3ce5b5b000 rw-p 00011000 08:05 40902469                   /usr/lib/x86_64-linux-gnu/libXext.so.6.4.0
7f3ce5b5b000-7f3ce5baf000 r-xp 00000000 08:05 4326206                    /usr/lib/jvm/java-8-oracle/jre/lib/amd64/libawt_xawt.so
7f3ce5baf000-7f3ce5daf000 ---p 00054000 08:05 4326206                    /usr/lib/jvm/java-8-oracle/jre/lib/amd64/libawt_xawt.so
7f3ce5daf000-7f3ce5db3000 rw-p 00054000 08:05 4326206                    /usr/lib/jvm/java-8-oracle/jre/lib/amd64/libawt_xawt.so
7f3ce5db3000-7f3ce5db4000 rw-p 00000000 00:00 0 
7f3ce5db4000-7f3ce5e56000 r-xp 00000000 08:05 4326192                    /usr/lib/jvm/java-8-oracle/jre/lib/amd64/libawt.so
7f3ce5e56000-7f3ce6056000 ---p 000a2000 08:05 4326192                    /usr/lib/jvm/java-8-oracle/jre/lib/amd64/libawt.so
7f3ce6056000-7f3ce6062000 rw-p 000a2000 08:05 4326192                    /usr/lib/jvm/java-8-oracle/jre/lib/amd64/libawt.so
7f3ce6062000-7f3ce6086000 rw-p 00000000 00:00 0 
7f3ce6086000-7f3ce610a000 r-xp 00000000 08:05 4718603                    /tmp/sqlite-3.7.2-libsqlitejdbc.so
7f3ce610a000-7f3ce630a000 ---p 00084000 08:05 4718603                    /tmp/sqlite-3.7.2-libsqlitejdbc.so
7f3ce630a000-7f3ce630b000 r--p 00084000 08:05 4718603                    /tmp/sqlite-3.7.2-libsqlitejdbc.so
7f3ce630b000-7f3ce630e000 rw-p 00085000 08:05 4718603                    /tmp/sqlite-3.7.2-libsqlitejdbc.so
7f3ce630e000-7f3ce630f000 ---p 00000000 00:00 0 
7f3ce630f000-7f3ce640f000 rw-p 00000000 00:00 0 
7f3ce640f000-7f3ce6412000 ---p 00000000 00:00 0 
7f3ce6412000-7f3ce6510000 rw-p 00000000 00:00 0 
7f3ce6510000-7f3ce6511000 ---p 00000000 00:00 0 
7f3ce6511000-7f3ce6514000 ---p 00000000 00:00 0 
7f3ce6514000-7f3ce6611000 rw-p 00000000 00:00 0 
7f3ce6611000-7f3ce6612000 ---p 00000000 00:00 0 
7f3ce6612000-7f3ce6615000 ---p 00000000 00:00 0 
7f3ce6615000-7f3ce6712000 rw-p 00000000 00:00 0 
7f3ce6712000-7f3ce6713000 ---p 00000000 00:00 0 
7f3ce6713000-7f3ce6716000 ---p 00000000 00:00 0 
7f3ce6716000-7f3ce6813000 rw-p 00000000 00:00 0 
7f3ce6813000-7f3ce6816000 ---p 00000000 00:00 0 
7f3ce6816000-7f3ce6914000 rw-p 00000000 00:00 0 
7f3ce6914000-7f3ce6bf4000 r--p 00000000 08:05 40900130                   /usr/lib/locale/locale-archive
7f3ce6bf4000-7f3ce6bf7000 ---p 00000000 00:00 0 
7f3ce6bf7000-7f3ce6cf5000 rw-p 00000000 00:00 0 
7f3ce6cf5000-7f3ce6cf8000 ---p 00000000 00:00 0 
7f3ce6cf8000-7f3ce6df6000 rw-p 00000000 00:00 0 
7f3ce6df6000-7f3ce6df7000 ---p 00000000 00:00 0 
7f3ce6df7000-7f3ce8000000 rw-p 00000000 00:00 0 
7f3ce8000000-7f3ce8021000 rw-p 00000000 00:00 0 
7f3ce8021000-7f3cec000000 ---p 00000000 00:00 0 
7f3cec000000-7f3cec021000 rw-p 00000000 00:00 0 
7f3cec021000-7f3cf0000000 ---p 00000000 00:00 0 
7f3cf0000000-7f3cf0021000 rw-p 00000000 00:00 0 
7f3cf0021000-7f3cf4000000 ---p 00000000 00:00 0 
7f3cf406e000-7f3cf8000000 rw-p 00000000 00:00 0 
7f3cf8000000-7f3cf8021000 rw-p 00000000 00:00 0 
7f3cf8021000-7f3cfc000000 ---p 00000000 00:00 0 
7f3cfc027000-7f3cfc02e000 r--s 00000000 08:05 41162090                   /usr/lib/x86_64-linux-gnu/gconv/gconv-modules.cache
7f3cfc02e000-7f3cfc054000 r--p 00000000 08:05 1574798                    /usr/share/locale-langpack/pt_BR/LC_MESSAGES/libc.mo
7f3cfc054000-7f3cfc059000 r--s 002f9000 08:05 4325981                    /usr/lib/jvm/java-8-oracle/jre/lib/charsets.jar
7f3cfc059000-7f3cfc05e000 r--s 0009d000 08:05 4326040                    /usr/lib/jvm/java-8-oracle/jre/lib/jsse.jar
7f3cfc05e000-7f3cfc063000 r--s 00309000 08:05 27791729                   /home/nathan/Área de Trabalho/sqlite-jdbc-3.7.2.jar
7f3cfc063000-7f3cfc06d000 r--s 00116000 08:05 4326051                    /usr/lib/jvm/java-8-oracle/jre/lib/ext/localedata.jar
7f3cfc06d000-7f3cfc544000 rw-p 00000000 00:00 0 
7f3cfc544000-7f3cfc71e000 r--s 03d68000 08:05 4325983                    /usr/lib/jvm/java-8-oracle/jre/lib/rt.jar
7f3cfc71e000-7f3cfcb6d000 rw-p 00000000 00:00 0 
7f3cfcb6d000-7f3cfcb6e000 ---p 00000000 00:00 0 
7f3cfcb6e000-7f3cfcc6e000 rw-p 00000000 00:00 0 
7f3cfcc6e000-7f3cfcc6f000 ---p 00000000 00:00 0 
7f3cfcc6f000-7f3cfcd99000 rw-p 00000000 00:00 0 
7f3cfcd99000-7f3cfd000000 ---p 00000000 00:00 0 
7f3cfd000000-7f3cfd270000 rwxp 00000000 00:00 0 
7f3cfd270000-7f3d0c000000 ---p 00000000 00:00 0 
7f3d0c000000-7f3d0c430000 rw-p 00000000 00:00 0 
7f3d0c430000-7f3d10000000 ---p 00000000 00:00 0 
7f3d10001000-7f3d1001d000 r--s 00393000 08:05 4326044                    /usr/lib/jvm/java-8-oracle/jre/lib/ext/cldrdata.jar
7f3d1001d000-7f3d1001e000 ---p 00000000 00:00 0 
7f3d1001e000-7f3d1011e000 rw-p 00000000 00:00 0 
7f3d1011e000-7f3d1011f000 ---p 00000000 00:00 0 
7f3d1011f000-7f3d10249000 rw-p 00000000 00:00 0 
7f3d10249000-7f3d104af000 ---p 00000000 00:00 0 
7f3d104af000-7f3d104c5000 rw-p 00000000 00:00 0 
7f3d104c5000-7f3d105f8000 ---p 00000000 00:00 0 
7f3d105f8000-7f3d10603000 rw-p 00000000 00:00 0 
7f3d10603000-7f3d109b9000 ---p 00000000 00:00 0 
7f3d109b9000-7f3d109d4000 r-xp 00000000 08:05 4326195                    /usr/lib/jvm/java-8-oracle/jre/lib/amd64/libzip.so
7f3d109d4000-7f3d10bd4000 ---p 0001b000 08:05 4326195                    /usr/lib/jvm/java-8-oracle/jre/lib/amd64/libzip.so
7f3d10bd4000-7f3d10bd5000 rw-p 0001b000 08:05 4326195                    /usr/lib/jvm/java-8-oracle/jre/lib/amd64/libzip.so
7f3d10bd5000-7f3d10be0000 r-xp 00000000 08:05 39321790                   /lib/x86_64-linux-gnu/libnss_files-2.27.so
7f3d10be0000-7f3d10ddf000 ---p 0000b000 08:05 39321790                   /lib/x86_64-linux-gnu/libnss_files-2.27.so
7f3d10ddf000-7f3d10de0000 r--p 0000a000 08:05 39321790                   /lib/x86_64-linux-gnu/libnss_files-2.27.so
7f3d10de0000-7f3d10de1000 rw-p 0000b000 08:05 39321790                   /lib/x86_64-linux-gnu/libnss_files-2.27.so
7f3d10de1000-7f3d10de7000 rw-p 00000000 00:00 0 
7f3d10de7000-7f3d10dfe000 r-xp 00000000 08:05 39321787                   /lib/x86_64-linux-gnu/libnsl-2.27.so
7f3d10dfe000-7f3d10ffd000 ---p 00017000 08:05 39321787                   /lib/x86_64-linux-gnu/libnsl-2.27.so
7f3d10ffd000-7f3d10ffe000 r--p 00016000 08:05 39321787                   /lib/x86_64-linux-gnu/libnsl-2.27.so
7f3d10ffe000-7f3d10fff000 rw-p 00017000 08:05 39321787                   /lib/x86_64-linux-gnu/libnsl-2.27.so
7f3d10fff000-7f3d11001000 rw-p 00000000 00:00 0 
7f3d11001000-7f3d1100c000 r-xp 00000000 08:05 39321792                   /lib/x86_64-linux-gnu/libnss_nis-2.27.so
7f3d1100c000-7f3d1120b000 ---p 0000b000 08:05 39321792                   /lib/x86_64-linux-gnu/libnss_nis-2.27.so
7f3d1120b000-7f3d1120c000 r--p 0000a000 08:05 39321792                   /lib/x86_64-linux-gnu/libnss_nis-2.27.so
7f3d1120c000-7f3d1120d000 rw-p 0000b000 08:05 39321792                   /lib/x86_64-linux-gnu/libnss_nis-2.27.so
7f3d1120d000-7f3d11215000 r-xp 00000000 08:05 39321788                   /lib/x86_64-linux-gnu/libnss_compat-2.27.so
7f3d11215000-7f3d11415000 ---p 00008000 08:05 39321788                   /lib/x86_64-linux-gnu/libnss_compat-2.27.so
7f3d11415000-7f3d11416000 r--p 00008000 08:05 39321788                   /lib/x86_64-linux-gnu/libnss_compat-2.27.so
7f3d11416000-7f3d11417000 rw-p 00009000 08:05 39321788                   /lib/x86_64-linux-gnu/libnss_compat-2.27.so
7f3d11417000-7f3d11442000 r-xp 00000000 08:05 4326189                    /usr/lib/jvm/java-8-oracle/jre/lib/amd64/libjava.so
7f3d11442000-7f3d11641000 ---p 0002b000 08:05 4326189                    /usr/lib/jvm/java-8-oracle/jre/lib/amd64/libjava.so
7f3d11641000-7f3d11643000 rw-p 0002a000 08:05 4326189                    /usr/lib/jvm/java-8-oracle/jre/lib/amd64/libjava.so
7f3d11643000-7f3d11650000 r-xp 00000000 08:05 4326194                    /usr/lib/jvm/java-8-oracle/jre/lib/amd64/libverify.so
7f3d11650000-7f3d11850000 ---p 0000d000 08:05 4326194                    /usr/lib/jvm/java-8-oracle/jre/lib/amd64/libverify.so
7f3d11850000-7f3d11852000 rw-p 0000d000 08:05 4326194                    /usr/lib/jvm/java-8-oracle/jre/lib/amd64/libverify.so
7f3d11852000-7f3d11859000 r-xp 00000000 08:05 39321797                   /lib/x86_64-linux-gnu/librt-2.27.so
7f3d11859000-7f3d11a58000 ---p 00007000 08:05 39321797                   /lib/x86_64-linux-gnu/librt-2.27.so
7f3d11a58000-7f3d11a59000 r--p 00006000 08:05 39321797                   /lib/x86_64-linux-gnu/librt-2.27.so
7f3d11a59000-7f3d11a5a000 rw-p 00007000 08:05 39321797                   /lib/x86_64-linux-gnu/librt-2.27.so
7f3d11a5a000-7f3d11bf7000 r-xp 00000000 08:05 39321784                   /lib/x86_64-linux-gnu/libm-2.27.so
7f3d11bf7000-7f3d11df6000 ---p 0019d000 08:05 39321784                   /lib/x86_64-linux-gnu/libm-2.27.so
7f3d11df6000-7f3d11df7000 r--p 0019c000 08:05 39321784                   /lib/x86_64-linux-gnu/libm-2.27.so
7f3d11df7000-7f3d11df8000 rw-p 0019d000 08:05 39321784                   /lib/x86_64-linux-gnu/libm-2.27.so
7f3d11df8000-7f3d12ad1000 r-xp 00000000 08:05 4326171                    /usr/lib/jvm/java-8-oracle/jre/lib/amd64/server/libjvm.so
7f3d12ad1000-7f3d12cd0000 ---p 00cd9000 08:05 4326171                    /usr/lib/jvm/java-8-oracle/jre/lib/amd64/server/libjvm.so
7f3d12cd0000-7f3d12daa000 rw-p 00cd8000 08:05 4326171                    /usr/lib/jvm/java-8-oracle/jre/lib/amd64/server/libjvm.so
7f3d12daa000-7f3d12df5000 rw-p 00000000 00:00 0 
7f3d12df5000-7f3d12fdc000 r-xp 00000000 08:05 39321780                   /lib/x86_64-linux-gnu/libc-2.27.so
7f3d12fdc000-7f3d131dc000 ---p 001e7000 08:05 39321780                   /lib/x86_64-linux-gnu/libc-2.27.so
7f3d131dc000-7f3d131e0000 r--p 001e7000 08:05 39321780                   /lib/x86_64-linux-gnu/libc-2.27.so
7f3d131e0000-7f3d131e2000 rw-p 001eb000 08:05 39321780                   /lib/x86_64-linux-gnu/libc-2.27.so
7f3d131e2000-7f3d131e6000 rw-p 00000000 00:00 0 
7f3d131e6000-7f3d131e9000 r-xp 00000000 08:05 39321783                   /lib/x86_64-linux-gnu/libdl-2.27.so
7f3d131e9000-7f3d133e8000 ---p 00003000 08:05 39321783                   /lib/x86_64-linux-gnu/libdl-2.27.so
7f3d133e8000-7f3d133e9000 r--p 00002000 08:05 39321783                   /lib/x86_64-linux-gnu/libdl-2.27.so
7f3d133e9000-7f3d133ea000 rw-p 00003000 08:05 39321783                   /lib/x86_64-linux-gnu/libdl-2.27.so
7f3d133ea000-7f3d13400000 r-xp 00000000 08:05 4325813                    /usr/lib/jvm/java-8-oracle/lib/amd64/jli/libjli.so
7f3d13400000-7f3d135ff000 ---p 00016000 08:05 4325813                    /usr/lib/jvm/java-8-oracle/lib/amd64/jli/libjli.so
7f3d135ff000-7f3d13600000 rw-p 00015000 08:05 4325813                    /usr/lib/jvm/java-8-oracle/lib/amd64/jli/libjli.so
7f3d13600000-7f3d1361a000 r-xp 00000000 08:05 39321795                   /lib/x86_64-linux-gnu/libpthread-2.27.so
7f3d1361a000-7f3d13819000 ---p 0001a000 08:05 39321795                   /lib/x86_64-linux-gnu/libpthread-2.27.so
7f3d13819000-7f3d1381a000 r--p 00019000 08:05 39321795                   /lib/x86_64-linux-gnu/libpthread-2.27.so
7f3d1381a000-7f3d1381b000 rw-p 0001a000 08:05 39321795                   /lib/x86_64-linux-gnu/libpthread-2.27.so
7f3d1381b000-7f3d1381f000 rw-p 00000000 00:00 0 
7f3d1381f000-7f3d13846000 r-xp 00000000 08:05 39321776                   /lib/x86_64-linux-gnu/ld-2.27.so
7f3d13847000-7f3d1384c000 r--s 00084000 08:05 4325900                    /usr/lib/jvm/java-8-oracle/jre/lib/jfr.jar
7f3d1384c000-7f3d13851000 r--s 002f9000 08:05 4325981                    /usr/lib/jvm/java-8-oracle/jre/lib/charsets.jar
7f3d13851000-7f3d13856000 r--s 0009d000 08:05 4326040                    /usr/lib/jvm/java-8-oracle/jre/lib/jsse.jar
7f3d13856000-7f3d13921000 rw-p 00000000 00:00 0 
7f3d13921000-7f3d13922000 ---p 00000000 00:00 0 
7f3d13922000-7f3d13925000 ---p 00000000 00:00 0 
7f3d13925000-7f3d13a26000 rw-p 00000000 00:00 0 
7f3d13a26000-7f3d13a29000 r--s 0001a000 08:05 4326215                    /usr/lib/jvm/java-8-oracle/jre/lib/jce.jar
7f3d13a29000-7f3d13a3c000 r--s 00345000 08:05 4326021                    /usr/lib/jvm/java-8-oracle/jre/lib/resources.jar
7f3d13a3c000-7f3d13a44000 rw-s 00000000 08:05 5640229                    /tmp/hsperfdata_nathan/10213
7f3d13a44000-7f3d13a45000 rw-p 00000000 00:00 0 
7f3d13a45000-7f3d13a46000 r--p 00000000 00:00 0 
7f3d13a46000-7f3d13a47000 r--p 00027000 08:05 39321776                   /lib/x86_64-linux-gnu/ld-2.27.so
7f3d13a47000-7f3d13a48000 rw-p 00028000 08:05 39321776                   /lib/x86_64-linux-gnu/ld-2.27.so
7f3d13a48000-7f3d13a49000 rw-p 00000000 00:00 0 
7ffcbc715000-7ffcbc736000 rw-p 00000000 00:00 0                          [stack]
7ffcbc751000-7ffcbc754000 r--p 00000000 00:00 0                          [vvar]
7ffcbc754000-7ffcbc756000 r-xp 00000000 00:00 0                          [vdso]
ffffffffff600000-ffffffffff601000 r-xp 00000000 00:00 0                  [vsyscall]

VM Arguments:
jvm_args: -Dfile.encoding=UTF-8 
java_command: Principal
java_class_path (initial): /usr/lib/jvm/java-8-oracle/jre/lib/resources.jar:/usr/lib/jvm/java-8-oracle/jre/lib/rt.jar:/usr/lib/jvm/java-8-oracle/jre/lib/jsse.jar:/usr/lib/jvm/java-8-oracle/jre/lib/jce.jar:/usr/lib/jvm/java-8-oracle/jre/lib/charsets.jar:/usr/lib/jvm/java-8-oracle/jre/lib/jfr.jar:/usr/lib/jvm/java-8-oracle/jre/lib/ext/jfxrt.jar:/usr/lib/jvm/java-8-oracle/jre/lib/ext/dnsns.jar:/usr/lib/jvm/java-8-oracle/jre/lib/ext/zipfs.jar:/usr/lib/jvm/java-8-oracle/jre/lib/ext/cldrdata.jar:/usr/lib/jvm/java-8-oracle/jre/lib/ext/localedata.jar:/usr/lib/jvm/java-8-oracle/jre/lib/ext/nashorn.jar:/usr/lib/jvm/java-8-oracle/jre/lib/ext/sunec.jar:/usr/lib/jvm/java-8-oracle/jre/lib/ext/sunpkcs11.jar:/usr/lib/jvm/java-8-oracle/jre/lib/ext/jaccess.jar:/usr/lib/jvm/java-8-oracle/jre/lib/ext/sunjce_provider.jar:/home/nathan/Documentos/nathan/Poo/atividade3/Trabalho Final/bin:/home/nathan/Área de Trabalho/sqlite-jdbc-3.7.2.jar
Launcher Type: SUN_STANDARD

Environment Variables:
JAVA_HOME=/usr/lib/jvm/java-8-oracle
PATH=/usr/local/sbin:/usr/local/bin:/usr/sbin:/usr/bin:/sbin:/bin:/usr/games:/usr/local/games:/snap/bin:/usr/lib/jvm/java-8-oracle/bin:/usr/lib/jvm/java-8-oracle/db/bin:/usr/lib/jvm/java-8-oracle/jre/bin
USERNAME=nathan
SHELL=/bin/bash
DISPLAY=:0

Signal Handlers:
SIGSEGV: [libjvm.so+0xad0890], sa_mask[0]=11111111011111111101111111111110, sa_flags=SA_RESTART|SA_SIGINFO
SIGBUS: [libjvm.so+0xad0890], sa_mask[0]=11111111011111111101111111111110, sa_flags=SA_RESTART|SA_SIGINFO
SIGFPE: [libjvm.so+0x928640], sa_mask[0]=11111111011111111101111111111110, sa_flags=SA_RESTART|SA_SIGINFO
SIGPIPE: [libjvm.so+0x928640], sa_mask[0]=11111111011111111101111111111110, sa_flags=SA_RESTART|SA_SIGINFO
SIGXFSZ: [libjvm.so+0x928640], sa_mask[0]=11111111011111111101111111111110, sa_flags=SA_RESTART|SA_SIGINFO
SIGILL: [libjvm.so+0x928640], sa_mask[0]=11111111011111111101111111111110, sa_flags=SA_RESTART|SA_SIGINFO
SIGUSR1: SIG_DFL, sa_mask[0]=00000000000000000000000000000000, sa_flags=none
SIGUSR2: [libjvm.so+0x929ea0], sa_mask[0]=00100000000000000000000000000000, sa_flags=SA_RESTART|SA_SIGINFO
SIGHUP: [libjvm.so+0x92b2a0], sa_mask[0]=11111111011111111101111111111110, sa_flags=SA_RESTART|SA_SIGINFO
SIGINT: [libjvm.so+0x92b2a0], sa_mask[0]=11111111011111111101111111111110, sa_flags=SA_RESTART|SA_SIGINFO
SIGTERM: [libjvm.so+0x92b2a0], sa_mask[0]=11111111011111111101111111111110, sa_flags=SA_RESTART|SA_SIGINFO
SIGQUIT: [libjvm.so+0x92b2a0], sa_mask[0]=11111111011111111101111111111110, sa_flags=SA_RESTART|SA_SIGINFO


---------------  S Y S T E M  ---------------

OS:DISTRIB_ID=Ubuntu
DISTRIB_RELEASE=18.04
DISTRIB_CODENAME=bionic
DISTRIB_DESCRIPTION="Ubuntu 18.04 LTS"

uname:Linux 4.15.0-22-generic #24-Ubuntu SMP Wed May 16 12:15:17 UTC 2018 x86_64
libc:glibc 2.27 NPTL 2.27 
rlimit: STACK 8192k, CORE 0k, NPROC 31259, NOFILE 1048576, AS infinity
load average:0,70 0,91 1,02

/proc/meminfo:
MemTotal:        8061336 kB
MemFree:         2849552 kB
MemAvailable:    4608524 kB
Buffers:          359164 kB
Cached:          1714384 kB
SwapCached:            0 kB
Active:          3605092 kB
Inactive:        1188676 kB
Active(anon):    2721160 kB
Inactive(anon):   223232 kB
Active(file):     883932 kB
Inactive(file):   965444 kB
Unevictable:          32 kB
Mlocked:              32 kB
SwapTotal:       2097148 kB
SwapFree:        2097148 kB
Dirty:              2152 kB
Writeback:             0 kB
AnonPages:       2719892 kB
Mapped:           264720 kB
Shmem:            224348 kB
Slab:             274300 kB
SReclaimable:     214464 kB
SUnreclaim:        59836 kB
KernelStack:       11948 kB
PageTables:        33544 kB
NFS_Unstable:          0 kB
Bounce:                0 kB
WritebackTmp:          0 kB
CommitLimit:     6127816 kB
Committed_AS:    7107028 kB
VmallocTotal:   34359738367 kB
VmallocUsed:           0 kB
VmallocChunk:          0 kB
HardwareCorrupted:     0 kB
AnonHugePages:         0 kB
ShmemHugePages:        0 kB
ShmemPmdMapped:        0 kB
CmaTotal:              0 kB
CmaFree:               0 kB
HugePages_Total:       0
HugePages_Free:        0
HugePages_Rsvd:        0
HugePages_Surp:        0
Hugepagesize:       2048 kB
DirectMap4k:      273736 kB
DirectMap2M:     8007680 kB
DirectMap1G:           0 kB


CPU:total 4 (initial active 4) (2 cores per cpu, 2 threads per core) family 6 model 61 stepping 4, cmov, cx8, fxsr, mmx, sse, sse2, sse3, ssse3, sse4.1, sse4.2, popcnt, avx, avx2, aes, clmul, erms, 3dnowpref, lzcnt, ht, tsc, tscinvbit, bmi1, bmi2, adx

/proc/cpuinfo:
processor	: 0
vendor_id	: GenuineIntel
cpu family	: 6
model		: 61
model name	: Intel(R) Core(TM) i7-5500U CPU @ 2.40GHz
stepping	: 4
microcode	: 0x2a
cpu MHz		: 1517.189
cache size	: 4096 KB
physical id	: 0
siblings	: 4
core id		: 0
cpu cores	: 2
apicid		: 0
initial apicid	: 0
fpu		: yes
fpu_exception	: yes
cpuid level	: 20
wp		: yes
flags		: fpu vme de pse tsc msr pae mce cx8 apic sep mtrr pge mca cmov pat pse36 clflush dts acpi mmx fxsr sse sse2 ss ht tm pbe syscall nx pdpe1gb rdtscp lm constant_tsc arch_perfmon pebs bts rep_good nopl xtopology nonstop_tsc cpuid aperfmperf pni pclmulqdq dtes64 monitor ds_cpl vmx est tm2 ssse3 sdbg fma cx16 xtpr pdcm pcid sse4_1 sse4_2 x2apic movbe popcnt tsc_deadline_timer aes xsave avx f16c rdrand lahf_lm abm 3dnowprefetch cpuid_fault epb invpcid_single pti tpr_shadow vnmi flexpriority ept vpid fsgsbase tsc_adjust bmi1 avx2 smep bmi2 erms invpcid rdseed adx smap intel_pt xsaveopt ibpb ibrs stibp dtherm ida arat pln pts
bugs		: cpu_meltdown spectre_v1 spectre_v2 spec_store_bypass
bogomips	: 4789.36
clflush size	: 64
cache_alignment	: 64
address sizes	: 39 bits physical, 48 bits virtual
power management:

processor	: 1
vendor_id	: GenuineIntel
cpu family	: 6
model		: 61
model name	: Intel(R) Core(TM) i7-5500U CPU @ 2.40GHz
stepping	: 4
microcode	: 0x2a
cpu MHz		: 1554.990
cache size	: 4096 KB
physical id	: 0
siblings	: 4
core id		: 1
cpu cores	: 4
apicid		: 2
initial apicid	: 2
fpu		: yes
fpu_exception	: yes
cpuid level	: 20
wp		: yes
flags		: fpu vme de pse tsc msr pae mce cx8 apic sep mtrr pge mca cmov pat pse36 clflush dts acpi mmx fxsr sse sse2 ss ht tm pbe syscall nx pdpe1gb rdtscp lm constant_tsc arch_perfmon pebs bts rep_good nopl xtopology nonstop_tsc cpuid aperfmperf pni pclmulqdq dtes64 monitor ds_cpl vmx est tm2 ssse3 sdbg fma cx16 xtpr pdcm pcid sse4_1 sse4_2 x2apic movbe popcnt tsc_deadline_timer aes xsave avx f16c rdrand lahf_lm abm 3dnowprefetch cpuid_fault epb invpcid_single pti tpr_shadow vnmi flexpriority ept vpid fsgsbase tsc_adjust bmi1 avx2 smep bmi2 erms invpcid rdseed adx smap intel_pt xsaveopt ibpb ibrs stibp dtherm ida arat pln pts
bugs		: cpu_meltdown spectre_v1 spectre_v2 spec_store_bypass
bogomips	: 4789.36
clflush size	: 64
cache_alignment	: 64
address sizes	: 39 bits physical, 48 bits virtual
power management:

processor	: 2
vendor_id	: GenuineIntel
cpu family	: 6
model		: 61
model name	: Intel(R) Core(TM) i7-5500U CPU @ 2.40GHz
stepping	: 4
microcode	: 0x2a
cpu MHz		: 1400.733
cache size	: 4096 KB
physical id	: 0
siblings	: 4
core id		: 0
cpu cores	: 2
apicid		: 1
initial apicid	: 1
fpu		: yes
fpu_exception	: yes
cpuid level	: 20
wp		: yes
flags		: fpu vme de pse tsc msr pae mce cx8 apic sep mtrr pge mca cmov pat pse36 clflush dts acpi mmx fxsr sse sse2 ss ht tm pbe syscall nx pdpe1gb rdtscp lm constant_tsc arch_perfmon pebs bts rep_good nopl xtopology nonstop_tsc cpuid aperfmperf pni pclmulqdq dtes64 monitor ds_cpl vmx est tm2 ssse3 sdbg fma cx16 xtpr pdcm pcid sse4_1 sse4_2 x2apic movbe popcnt tsc_deadline_timer aes xsave avx f16c rdrand lahf_lm abm 3dnowprefetch cpuid_fault epb invpcid_single pti tpr_shadow vnmi flexpriority ept vpid fsgsbase tsc_adjust bmi1 avx2 smep bmi2 erms invpcid rdseed adx smap intel_pt xsaveopt ibpb ibrs stibp dtherm ida arat pln pts
bugs		: cpu_meltdown spectre_v1 spectre_v2 spec_store_bypass
bogomips	: 4789.36
clflush size	: 64
cache_alignment	: 64
address sizes	: 39 bits physical, 48 bits virtual
power management:

processor	: 3
vendor_id	: GenuineIntel
cpu family	: 6
model		: 61
model name	: Intel(R) Core(TM) i7-5500U CPU @ 2.40GHz
stepping	: 4
microcode	: 0x2a
cpu MHz		: 1534.179
cache size	: 4096 KB
physical id	: 0
siblings	: 4
core id		: 1
cpu cores	: 1
apicid		: 3
initial apicid	: 3
fpu		: yes
fpu_exception	: yes
cpuid level	: 20
wp		: yes
flags		: fpu vme de pse tsc msr pae mce cx8 apic sep mtrr pge mca cmov pat pse36 clflush dts acpi mmx fxsr sse sse2 ss ht tm pbe syscall nx pdpe1gb rdtscp lm constant_tsc arch_perfmon pebs bts rep_good nopl xtopology nonstop_tsc cpuid aperfmperf pni pclmulqdq dtes64 monitor ds_cpl vmx est tm2 ssse3 sdbg fma cx16 xtpr pdcm pcid sse4_1 sse4_2 x2apic movbe popcnt tsc_deadline_timer aes xsave avx f16c rdrand lahf_lm abm 3dnowprefetch cpuid_fault epb invpcid_single pti tpr_shadow vnmi flexpriority ept vpid fsgsbase tsc_adjust bmi1 avx2 smep bmi2 erms invpcid rdseed adx smap intel_pt xsaveopt ibpb ibrs stibp dtherm ida arat pln pts
bugs		: cpu_meltdown spectre_v1 spectre_v2 spec_store_bypass
bogomips	: 4789.36
clflush size	: 64
cache_alignment	: 64
address sizes	: 39 bits physical, 48 bits virtual
power management:



Memory: 4k page, physical 8061336k(2849552k free), swap 2097148k(2097148k free)

vm_info: Java HotSpot(TM) 64-Bit Server VM (25.171-b11) for linux-amd64 JRE (1.8.0_171-b11), built on Mar 28 2018 17:07:08 by "java_re" with gcc 4.3.0 20080428 (Red Hat 4.3.0-8)

time: Fri Jun  8 13:08:46 2018
elapsed time: 369 seconds (0d 0h 6m 9s)

