#
# A fatal error has been detected by the Java Runtime Environment:
#
#  SIGSEGV (0xb) at pc=0x00007f567c3dfcba, pid=8465, tid=0x00007f563e7f6700
#
# JRE version: Java(TM) SE Runtime Environment (8.0_171-b11) (build 1.8.0_171-b11)
# Java VM: Java HotSpot(TM) 64-Bit Server VM (25.171-b11 mixed mode linux-amd64 compressed oops)
# Problematic frame:
# v  ~BufferBlob::jni_fast_GetLongField
#
# Failed to write core dump. Core dumps have been disabled. To enable core dumping, try "ulimit -c unlimited" before starting Java again
#
# If you would like to submit a bug report, please visit:
#   http://bugreport.java.com/bugreport/crash.jsp
# The crash happened outside the Java Virtual Machine in native code.
# See problematic frame for where to report the bug.
#

---------------  T H R E A D  ---------------

Current thread (0x00007f568c2f0800):  JavaThread "AWT-XAWT" daemon [_thread_in_native, id=8486, stack(0x00007f563e6f6000,0x00007f563e7f7000)]

siginfo: si_signo: 11 (SIGSEGV), si_code: 1 (SEGV_MAPERR), si_addr: 0x0000000000000000

Registers:
RAX=0x00007f56917994c0, RBX=0x00007f568c2f09f8, RCX=0x00007f569222a320, RDX=0x0000000000000042
RSP=0x00007f563e7f5458, RBP=0x00007f563e7f5480, RSI=0x0000000000000000, RDI=0x00007f568c2f09f8
R8 =0x00000000d71ec258, R9 =0x0000000000000000, R10=0x0000000000000020, R11=0x00007f567c5c6e58
R12=0x00007f562000e070, R13=0x0000000000000000, R14=0x00007f5674882820, R15=0x00007f568c2f0800
RIP=0x00007f567c3dfcba, EFLAGS=0x0000000000010246, CSGSFS=0x002b000000000033, ERR=0x0000000000000004
  TRAPNO=0x000000000000000e

Top of Stack: (sp=0x00007f563e7f5458)
0x00007f563e7f5458:   00007f5674661001 00007f56771c1500
0x00007f563e7f5468:   00007f562000e070 00007f563e7f5530
0x00007f563e7f5478:   00007f563e7f5500 0000000000000000
0x00007f563e7f5488:   00007f5674123300 00007f56771c1500
0x00007f563e7f5498:   00007f563e7f54c0 0000000000000000
0x00007f563e7f54a8:   00007f567411ae23 00007f563e7f5530
0x00007f563e7f54b8:   00007f567465a23f 00007f563e7f5510
0x00007f563e7f54c8:   00007f567c5c6ef6 0000000000000000
0x00007f563e7f54d8:   00007f567c5b5876 00007f563e7f5530
0x00007f563e7f54e8:   00007f567c49d1ac 00000000d73db630
0x00007f563e7f54f8:   00007f567c5b03c4 00000000d736f170
0x00007f563e7f5508:   00000000d736e470 00007f563e7f5590
0x00007f563e7f5518:   00007f567c37da90 00007f563e7f5590
0x00007f563e7f5528:   00007f567c37da90 0000000000000000
0x00007f563e7f5538:   00007f567c37ddd0 00007f56300050a0
0x00007f563e7f5548:   00000000d73db630 00007f563e7f5550
0x00007f563e7f5558:   00007f56771a0bcc 00007f563e7f55d8
0x00007f563e7f5568:   00007f56771aa028 0000000000000000
0x00007f563e7f5578:   00007f56771a0d08 00007f563e7f5530
0x00007f563e7f5588:   00007f563e7f55d0 00007f563e7f5620
0x00007f563e7f5598:   00007f567c37e2bd 0000000000000000
0x00007f563e7f55a8:   00000000d772a8f0 00000000d76f8e40
0x00007f563e7f55b8:   0000000000000000 0000000000000000
0x00007f563e7f55c8:   00000000d73db630 0000000000000000
0x00007f563e7f55d8:   00000000d73a18a8 00007f563e7f55e0
0x00007f563e7f55e8:   00007f56771a0a0d 00007f563e7f5630
0x00007f563e7f55f8:   00007f56771aa028 0000000000000000
0x00007f563e7f5608:   00007f56771a0a18 00007f563e7f55d0
0x00007f563e7f5618:   00007f563e7f5630 00007f563e7f5678
0x00007f563e7f5628:   00007f567c37e302 00000000d73a18a8
0x00007f563e7f5638:   00007f563e7f5638 00007f5676c0c53b
0x00007f563e7f5648:   00007f563e7f5688 00007f5676c93f88 

Instructions: (pc=0x00007f567c3dfcba)
0x00007f567c3dfc9a:   00 00 00 00 00 00 44 8b 15 41 93 3f 15 4c 8b ce
0x00007f567c3dfcaa:   41 f6 c2 01 0f 85 2e 00 00 00 4d 33 ca 4d 33 ca
0x00007f567c3dfcba:   4d 8b 09 4c 8b da 49 c1 eb 02 4b 8b 04 19 49 bb
0x00007f567c3dfcca:   e8 8f 7d 91 56 7f 00 00 4c 33 d8 4c 33 d8 45 3b 

Register to memory mapping:

RAX=0x00007f56917994c0: <offset 0xf914c0> in /usr/lib/jvm/java-8-oracle/jre/lib/amd64/server/libjvm.so at 0x00007f5690808000
RBX=0x00007f568c2f09f8 is an unknown value
RCX=0x00007f569222a320: <offset 0x21a320> in /lib/x86_64-linux-gnu/libpthread.so.0 at 0x00007f5692010000
RDX=0x0000000000000042 is an unknown value
RSP=0x00007f563e7f5458 is pointing into the stack for thread: 0x00007f568c2f0800
RBP=0x00007f563e7f5480 is pointing into the stack for thread: 0x00007f568c2f0800
RSI=0x0000000000000000 is an unknown value
RDI=0x00007f568c2f09f8 is an unknown value
R8 =0x00000000d71ec258 is an oop
sun.util.logging.PlatformLogger$Level 
 - klass: 'sun/util/logging/PlatformLogger$Level'
R9 =0x0000000000000000 is an unknown value
R10=0x0000000000000020 is an unknown value
R11=0x00007f567c5c6e58 is at entry_point+24 in (nmethod*)0x00007f567c5c6cd0
R12=0x00007f562000e070 is an unknown value
R13=0x0000000000000000 is an unknown value
R14=0x00007f5674882820: <offset 0x258820> in /usr/lib/jvm/java-8-oracle/jre/lib/amd64/libawt_xawt.so at 0x00007f567462a000
R15=0x00007f568c2f0800 is a thread


Stack: [0x00007f563e6f6000,0x00007f563e7f7000],  sp=0x00007f563e7f5458,  free space=1021k
Native frames: (J=compiled Java code, j=interpreted, Vv=VM code, C=native code)
v  ~BufferBlob::jni_fast_GetLongField
C  [libX11.so.6+0x64300]  _XimServerDestroy+0x70

Java frames: (J=compiled Java code, j=interpreted, Vv=VM code)
J 565  sun.awt.X11.XlibWrapper.XFilterEvent(JJ)Z (0 bytes) @ 0x00007f567c5c6e84 [0x00007f567c5c6e40+0x44]
j  sun.awt.X11.XToolkit.run(Z)V+300
j  sun.awt.X11.XToolkit.run()V+5
j  java.lang.Thread.run()V+11
v  ~StubRoutines::call_stub

---------------  P R O C E S S  ---------------

Java Threads: ( => current thread )
=>0x00007f568c2f0800 JavaThread "AWT-XAWT" daemon [_thread_in_native, id=8486, stack(0x00007f563e6f6000,0x00007f563e7f7000)]
  0x00007f568c2d5000 JavaThread "Java2D Disposer" daemon [_thread_blocked, id=8485, stack(0x00007f563ec07000,0x00007f563ed08000)]
  0x00007f568c0c9800 JavaThread "Service Thread" daemon [_thread_blocked, id=8483, stack(0x00007f5674f13000,0x00007f5675014000)]
  0x00007f568c0be800 JavaThread "C1 CompilerThread2" daemon [_thread_blocked, id=8482, stack(0x00007f5675015000,0x00007f5675115000)]
  0x00007f568c0bd000 JavaThread "C2 CompilerThread1" daemon [_thread_blocked, id=8481, stack(0x00007f5675116000,0x00007f5675216000)]
  0x00007f568c0ba000 JavaThread "C2 CompilerThread0" daemon [_thread_blocked, id=8480, stack(0x00007f5675217000,0x00007f5675317000)]
  0x00007f568c0b8800 JavaThread "Signal Dispatcher" daemon [_thread_blocked, id=8479, stack(0x00007f5675317000,0x00007f5675418000)]
  0x00007f568c085800 JavaThread "Finalizer" daemon [_thread_blocked, id=8478, stack(0x00007f56756f8000,0x00007f56757f9000)]
  0x00007f568c081000 JavaThread "Reference Handler" daemon [_thread_blocked, id=8477, stack(0x00007f56757f9000,0x00007f56758fa000)]
  0x00007f568c00b800 JavaThread "main" [_thread_in_native, id=8468, stack(0x00007f5692332000,0x00007f5692432000)]

Other Threads:
  0x00007f568c079800 VMThread [stack: 0x00007f56758fb000,0x00007f56759fb000] [id=8476]
  0x00007f568c0cf000 WatcherThread [stack: 0x00007f5674e13000,0x00007f5674f13000] [id=8484]

VM state:not at safepoint (normal execution)

VM Mutex/Monitor currently owned by a thread: None

Heap:
 PSYoungGen      total 36864K, used 9548K [0x00000000d6f80000, 0x00000000d9880000, 0x0000000100000000)
  eden space 31744K, 30% used [0x00000000d6f80000,0x00000000d78d31a0,0x00000000d8e80000)
  from space 5120K, 0% used [0x00000000d9380000,0x00000000d9380000,0x00000000d9880000)
  to   space 5120K, 0% used [0x00000000d8e80000,0x00000000d8e80000,0x00000000d9380000)
 ParOldGen       total 84992K, used 0K [0x0000000084e00000, 0x000000008a100000, 0x00000000d6f80000)
  object space 84992K, 0% used [0x0000000084e00000,0x0000000084e00000,0x000000008a100000)
 Metaspace       used 12200K, capacity 12466K, committed 12800K, reserved 1060864K
  class space    used 1425K, capacity 1492K, committed 1536K, reserved 1048576K

Card table byte_map: [0x00007f567bbdc000,0x00007f567bfb6000] byte_map_base: 0x00007f567b7b5000

Marking Bits: (ParMarkBitMap*) 0x00007f56917d8280
 Begin Bits: [0x00007f56777b7000, 0x00007f567967f000)
 End Bits:   [0x00007f567967f000, 0x00007f567b547000)

Polling page: 0x00007f5692455000

CodeCache: size=245760Kb used=2483Kb max_used=2495Kb free=243276Kb
 bounds [0x00007f567c376000, 0x00007f567c5f6000, 0x00007f568b376000]
 total_blobs=1146 nmethods=591 adapters=469
 compilation: enabled

Compilation events (10 events):
Event: 3753,113 Thread 0x00007f568c0ba000  587       4       java.util.TreeMap::getEntry (84 bytes)
Event: 3753,115 Thread 0x00007f568c0ba000 nmethod 587 0x00007f567c5e3490 code [0x00007f567c5e35e0, 0x00007f567c5e3758]
Event: 4360,684 Thread 0x00007f568c0bd000  588       4       java.util.Vector$Itr::hasNext (20 bytes)
Event: 4360,685 Thread 0x00007f568c0bd000 nmethod 588 0x00007f567c5c9410 code [0x00007f567c5c9560, 0x00007f567c5c95f8]
Event: 4580,340 Thread 0x00007f568c0ba000  589       4       java.util.HashMap::get (23 bytes)
Event: 4580,343 Thread 0x00007f568c0ba000 nmethod 589 0x00007f567c5e2cd0 code [0x00007f567c5e2e40, 0x00007f567c5e3158]
Event: 4852,898 Thread 0x00007f568c0bd000  590   !   4       sun.awt.X11.XToolkit::windowToXWindow (27 bytes)
Event: 4852,902 Thread 0x00007f568c0bd000 nmethod 590 0x00007f567c5e4f10 code [0x00007f567c5e50a0, 0x00007f567c5e55d8]
Event: 4859,954 Thread 0x00007f568c0ba000  591       4       sun.awt.X11.XEvent::get_xany (22 bytes)
Event: 4859,957 Thread 0x00007f568c0ba000 nmethod 591 0x00007f567c5e4590 code [0x00007f567c5e4720, 0x00007f567c5e4a58]

GC Heap History (0 events):
No events

Deoptimization events (6 events):
Event: 3,534 Thread 0x00007f568c00b800 Uncommon trap: reason=unstable_if action=reinterpret pc=0x00007f567c4d0378 method=java.security.DigestInputStream.read()I @ 17
Event: 3,534 Thread 0x00007f568c00b800 Uncommon trap: reason=unstable_if action=reinterpret pc=0x00007f567c4c70a4 method=org.sqlite.SQLiteJDBCLoader.md5sum(Ljava/io/InputStream;)Ljava/lang/String; @ 29
Event: 3,535 Thread 0x00007f568c00b800 Uncommon trap: reason=unstable_if action=reinterpret pc=0x00007f567c4c8cf8 method=sun.security.provider.DigestBase.engineUpdate(B)V @ 4
Event: 4,370 Thread 0x00007f568c358800 Uncommon trap: reason=class_check action=maybe_recompile pc=0x00007f567c52a5e8 method=java.lang.String.equals(Ljava/lang/Object;)Z @ 8
Event: 4,370 Thread 0x00007f568c358800 Uncommon trap: reason=class_check action=maybe_recompile pc=0x00007f567c52a5e8 method=java.lang.String.equals(Ljava/lang/Object;)Z @ 8
Event: 4,370 Thread 0x00007f568c358800 Uncommon trap: reason=class_check action=maybe_recompile pc=0x00007f567c52a5e8 method=java.lang.String.equals(Ljava/lang/Object;)Z @ 8

Classes redefined (0 events):
No events

Internal exceptions (10 events):
Event: 0,101 Thread 0x00007f568c00b800 Exception <a 'java/security/PrivilegedActionException'> (0x00000000d7015468) thrown at [/HUDSON/workspace/8-2-build-linux-amd64/jdk8u171/10807/hotspot/src/share/vm/prims/jvm.cpp, line 1435]
Event: 0,101 Thread 0x00007f568c00b800 Exception <a 'java/security/PrivilegedActionException'> (0x00000000d7015860) thrown at [/HUDSON/workspace/8-2-build-linux-amd64/jdk8u171/10807/hotspot/src/share/vm/prims/jvm.cpp, line 1435]
Event: 0,101 Thread 0x00007f568c00b800 Exception <a 'java/security/PrivilegedActionException'> (0x00000000d7017eb0) thrown at [/HUDSON/workspace/8-2-build-linux-amd64/jdk8u171/10807/hotspot/src/share/vm/prims/jvm.cpp, line 1435]
Event: 0,101 Thread 0x00007f568c00b800 Exception <a 'java/security/PrivilegedActionException'> (0x00000000d70182a8) thrown at [/HUDSON/workspace/8-2-build-linux-amd64/jdk8u171/10807/hotspot/src/share/vm/prims/jvm.cpp, line 1435]
Event: 3,535 Thread 0x00007f568c00b800 Implicit null exception at 0x00007f567c4c8a0a to 0x00007f567c4c8ce5
Event: 3,618 Thread 0x00007f568c00b800 Exception <a 'java/lang/NoSuchFieldError': method resolution failed> (0x00000000d72c1598) thrown at [/HUDSON/workspace/8-2-build-linux-amd64/jdk8u171/10807/hotspot/src/share/vm/prims/methodHandles.cpp, line 1167]
Event: 3,621 Thread 0x00007f568c00b800 Exception <a 'java/lang/NoSuchFieldError': method resolution failed> (0x00000000d72ced38) thrown at [/HUDSON/workspace/8-2-build-linux-amd64/jdk8u171/10807/hotspot/src/share/vm/prims/methodHandles.cpp, line 1167]
Event: 3,643 Thread 0x00007f568c00b800 Exception <a 'java/io/FileNotFoundException'> (0x00000000d734e1a0) thrown at [/HUDSON/workspace/8-2-build-linux-amd64/jdk8u171/10807/hotspot/src/share/vm/prims/jni.cpp, line 709]
Event: 3,643 Thread 0x00007f568c00b800 Exception <a 'java/io/FileNotFoundException'> (0x00000000d734ec80) thrown at [/HUDSON/workspace/8-2-build-linux-amd64/jdk8u171/10807/hotspot/src/share/vm/prims/jni.cpp, line 709]
Event: 3,904 Thread 0x00007f568c358800 Exception <a 'java/lang/UnsupportedOperationException': > (0x00000000d7669e58) thrown at [/HUDSON/workspace/8-2-build-linux-amd64/jdk8u171/10807/hotspot/src/share/vm/prims/jni.cpp, line 735]

Events (10 events):
Event: 7,382 loading class java/util/Formatter$FixedString done
Event: 7,382 loading class java/util/Formattable
Event: 7,382 loading class java/util/Formattable done
Event: 7,382 loading class java/sql/SQLWarning
Event: 7,382 loading class java/sql/SQLWarning done
Event: 7,382 loading class java/lang/Throwable$WrappedPrintStream
Event: 7,382 loading class java/lang/Throwable$PrintStreamOrWriter
Event: 7,382 loading class java/lang/Throwable$PrintStreamOrWriter done
Event: 7,382 loading class java/lang/Throwable$WrappedPrintStream done
Event: 8,713 Thread 0x00007f568c30e800 Thread exited: 0x00007f568c30e800


Dynamic libraries:
00400000-00401000 r-xp 00000000 08:05 40899336                           /usr/lib/jvm/java-8-oracle/bin/java
00600000-00601000 rw-p 00000000 08:05 40899336                           /usr/lib/jvm/java-8-oracle/bin/java
01917000-01938000 rw-p 00000000 00:00 0                                  [heap]
84e00000-8a100000 rw-p 00000000 00:00 0 
8a100000-d6f80000 ---p 00000000 00:00 0 
d6f80000-d9880000 rw-p 00000000 00:00 0 
d9880000-100000000 ---p 00000000 00:00 0 
100000000-100180000 rw-p 00000000 00:00 0 
100180000-140000000 ---p 00000000 00:00 0 
7f5620000000-7f5620021000 rw-p 00000000 00:00 0 
7f5620021000-7f5624000000 ---p 00000000 00:00 0 
7f5628000000-7f5628021000 rw-p 00000000 00:00 0 
7f5628021000-7f562c000000 ---p 00000000 00:00 0 
7f562cfff000-7f5630000000 rw-p 00000000 00:00 0 
7f5630000000-7f563002e000 rw-p 00000000 00:00 0 
7f563002e000-7f5634000000 ---p 00000000 00:00 0 
7f5634000000-7f5634021000 rw-p 00000000 00:00 0 
7f5634021000-7f5638000000 ---p 00000000 00:00 0 
7f5638000000-7f5638021000 rw-p 00000000 00:00 0 
7f5638021000-7f563c000000 ---p 00000000 00:00 0 
7f563d94b000-7f563da4b000 rw-p 00000000 00:00 0 
7f563da4b000-7f563db4e000 ---p 00000000 00:00 0 
7f563db4e000-7f563dc4c000 rw-p 00000000 00:00 0 
7f563dc4c000-7f563dc4f000 ---p 00000000 00:00 0 
7f563dc4f000-7f563dd4d000 rw-p 00000000 00:00 0 
7f563dd4d000-7f563ddb7000 r-xp 00000000 08:05 4326161                    /usr/lib/jvm/java-8-oracle/jre/lib/amd64/libt2k.so
7f563ddb7000-7f563dfb6000 ---p 0006a000 08:05 4326161                    /usr/lib/jvm/java-8-oracle/jre/lib/amd64/libt2k.so
7f563dfb6000-7f563dfbd000 rw-p 00069000 08:05 4326161                    /usr/lib/jvm/java-8-oracle/jre/lib/amd64/libt2k.so
7f563dfbd000-7f563dfcd000 rw-p 00000000 00:00 0 
7f563dfcd000-7f563dfde000 r-xp 00000000 08:05 4326202                    /usr/lib/jvm/java-8-oracle/jre/lib/amd64/libnio.so
7f563dfde000-7f563e1dd000 ---p 00011000 08:05 4326202                    /usr/lib/jvm/java-8-oracle/jre/lib/amd64/libnio.so
7f563e1dd000-7f563e1de000 rw-p 00010000 08:05 4326202                    /usr/lib/jvm/java-8-oracle/jre/lib/amd64/libnio.so
7f563e1de000-7f563e1f4000 r-xp 00000000 08:05 4326199                    /usr/lib/jvm/java-8-oracle/jre/lib/amd64/libnet.so
7f563e1f4000-7f563e3f4000 ---p 00016000 08:05 4326199                    /usr/lib/jvm/java-8-oracle/jre/lib/amd64/libnet.so
7f563e3f4000-7f563e3f5000 rw-p 00016000 08:05 4326199                    /usr/lib/jvm/java-8-oracle/jre/lib/amd64/libnet.so
7f563e3f5000-7f563e5f5000 rw-p 00000000 00:00 0 
7f563e5f5000-7f563e5f8000 ---p 00000000 00:00 0 
7f563e5f8000-7f563e6f6000 rw-p 00000000 00:00 0 
7f563e6f6000-7f563e6f9000 ---p 00000000 00:00 0 
7f563e6f9000-7f563e7f7000 rw-p 00000000 00:00 0 
7f563e7f7000-7f563e7fc000 r-xp 00000000 08:05 40902471                   /usr/lib/x86_64-linux-gnu/libXfixes.so.3.1.0
7f563e7fc000-7f563e9fb000 ---p 00005000 08:05 40902471                   /usr/lib/x86_64-linux-gnu/libXfixes.so.3.1.0
7f563e9fb000-7f563e9fc000 r--p 00004000 08:05 40902471                   /usr/lib/x86_64-linux-gnu/libXfixes.so.3.1.0
7f563e9fc000-7f563e9fd000 rw-p 00005000 08:05 40902471                   /usr/lib/x86_64-linux-gnu/libXfixes.so.3.1.0
7f563e9fd000-7f563ea06000 r-xp 00000000 08:05 40899568                   /usr/lib/x86_64-linux-gnu/libXcursor.so.1.0.2
7f563ea06000-7f563ec05000 ---p 00009000 08:05 40899568                   /usr/lib/x86_64-linux-gnu/libXcursor.so.1.0.2
7f563ec05000-7f563ec06000 r--p 00008000 08:05 40899568                   /usr/lib/x86_64-linux-gnu/libXcursor.so.1.0.2
7f563ec06000-7f563ec07000 rw-p 00009000 08:05 40899568                   /usr/lib/x86_64-linux-gnu/libXcursor.so.1.0.2
7f563ec07000-7f563ec0a000 ---p 00000000 00:00 0 
7f563ec0a000-7f563ed08000 rw-p 00000000 00:00 0 
7f563ed08000-7f563ed1f000 r-xp 00000000 08:05 39321823                   /lib/x86_64-linux-gnu/libgcc_s.so.1
7f563ed1f000-7f563ef1e000 ---p 00017000 08:05 39321823                   /lib/x86_64-linux-gnu/libgcc_s.so.1
7f563ef1e000-7f563ef1f000 r--p 00016000 08:05 39321823                   /lib/x86_64-linux-gnu/libgcc_s.so.1
7f563ef1f000-7f563ef20000 rw-p 00017000 08:05 39321823                   /lib/x86_64-linux-gnu/libgcc_s.so.1
7f563ef20000-7f563ef85000 r-xp 00000000 08:05 4326179                    /usr/lib/jvm/java-8-oracle/jre/lib/amd64/libfontmanager.so
7f563ef85000-7f563f184000 ---p 00065000 08:05 4326179                    /usr/lib/jvm/java-8-oracle/jre/lib/amd64/libfontmanager.so
7f563f184000-7f563f189000 rw-p 00064000 08:05 4326179                    /usr/lib/jvm/java-8-oracle/jre/lib/amd64/libfontmanager.so
7f563f189000-7f563f199000 rw-p 00000000 00:00 0 
7f563f199000-7f563f1ac000 r-xp 00000000 08:05 39321981                   /lib/x86_64-linux-gnu/libbsd.so.0.8.7
7f563f1ac000-7f563f3ab000 ---p 00013000 08:05 39321981                   /lib/x86_64-linux-gnu/libbsd.so.0.8.7
7f563f3ab000-7f563f3ac000 r--p 00012000 08:05 39321981                   /lib/x86_64-linux-gnu/libbsd.so.0.8.7
7f563f3ac000-7f563f3ad000 rw-p 00013000 08:05 39321981                   /lib/x86_64-linux-gnu/libbsd.so.0.8.7
7f563f3ad000-7f563f3ae000 rw-p 00000000 00:00 0 
7f563f3ae000-7f563f3b3000 r-xp 00000000 08:05 40902467                   /usr/lib/x86_64-linux-gnu/libXdmcp.so.6.0.0
7f563f3b3000-7f563f5b2000 ---p 00005000 08:05 40902467                   /usr/lib/x86_64-linux-gnu/libXdmcp.so.6.0.0
7f563f5b2000-7f563f5b3000 r--p 00004000 08:05 40902467                   /usr/lib/x86_64-linux-gnu/libXdmcp.so.6.0.0
7f563f5b3000-7f563f5b4000 rw-p 00005000 08:05 40902467                   /usr/lib/x86_64-linux-gnu/libXdmcp.so.6.0.0
7f563f5b4000-7f563f5b6000 r-xp 00000000 08:05 40902456                   /usr/lib/x86_64-linux-gnu/libXau.so.6.0.0
7f563f5b6000-7f563f7b6000 ---p 00002000 08:05 40902456                   /usr/lib/x86_64-linux-gnu/libXau.so.6.0.0
7f563f7b6000-7f563f7b7000 r--p 00002000 08:05 40902456                   /usr/lib/x86_64-linux-gnu/libXau.so.6.0.0
7f563f7b7000-7f563f7b8000 rw-p 00003000 08:05 40902456                   /usr/lib/x86_64-linux-gnu/libXau.so.6.0.0
7f563f7b8000-7f563f7de000 r-xp 00000000 08:05 40898202                   /usr/lib/x86_64-linux-gnu/libxcb.so.1.1.0
7f563f7de000-7f563f9de000 ---p 00026000 08:05 40898202                   /usr/lib/x86_64-linux-gnu/libxcb.so.1.1.0
7f563f9de000-7f563f9df000 r--p 00026000 08:05 40898202                   /usr/lib/x86_64-linux-gnu/libxcb.so.1.1.0
7f563f9df000-7f563f9e0000 rw-p 00027000 08:05 40898202                   /usr/lib/x86_64-linux-gnu/libxcb.so.1.1.0
7f563f9e0000-7f563f9ef000 r-xp 00000000 08:05 40902479                   /usr/lib/x86_64-linux-gnu/libXi.so.6.1.0
7f563f9ef000-7f563fbee000 ---p 0000f000 08:05 40902479                   /usr/lib/x86_64-linux-gnu/libXi.so.6.1.0
7f563fbee000-7f563fbef000 r--p 0000e000 08:05 40902479                   /usr/lib/x86_64-linux-gnu/libXi.so.6.1.0
7f563fbef000-7f563fbf0000 rw-p 0000f000 08:05 40902479                   /usr/lib/x86_64-linux-gnu/libXi.so.6.1.0
7f563fbf0000-7f563fbf5000 r-xp 00000000 08:05 40902497                   /usr/lib/x86_64-linux-gnu/libXtst.so.6.1.0
7f563fbf5000-7f563fdf4000 ---p 00005000 08:05 40902497                   /usr/lib/x86_64-linux-gnu/libXtst.so.6.1.0
7f563fdf4000-7f563fdf5000 r--p 00004000 08:05 40902497                   /usr/lib/x86_64-linux-gnu/libXtst.so.6.1.0
7f563fdf5000-7f563fdf6000 rw-p 00005000 08:05 40902497                   /usr/lib/x86_64-linux-gnu/libXtst.so.6.1.0
7f563fdf6000-7f563fdff000 r-xp 00000000 08:05 40902491                   /usr/lib/x86_64-linux-gnu/libXrender.so.1.3.0
7f563fdff000-7f563fffe000 ---p 00009000 08:05 40902491                   /usr/lib/x86_64-linux-gnu/libXrender.so.1.3.0
7f563fffe000-7f563ffff000 r--p 00008000 08:05 40902491                   /usr/lib/x86_64-linux-gnu/libXrender.so.1.3.0
7f563ffff000-7f5640000000 rw-p 00009000 08:05 40902491                   /usr/lib/x86_64-linux-gnu/libXrender.so.1.3.0
7f5640000000-7f5640021000 rw-p 00000000 00:00 0 
7f5640021000-7f5644000000 ---p 00000000 00:00 0 
7f5644000000-7f5644021000 rw-p 00000000 00:00 0 
7f5644021000-7f5648000000 ---p 00000000 00:00 0 
7f5648000000-7f56480d2000 rw-p 00000000 00:00 0 
7f56480d2000-7f564c000000 ---p 00000000 00:00 0 
7f564c000000-7f564c2d8000 rw-p 00000000 00:00 0 
7f564c2d8000-7f5650000000 ---p 00000000 00:00 0 
7f5650000000-7f5650021000 rw-p 00000000 00:00 0 
7f5650021000-7f5654000000 ---p 00000000 00:00 0 
7f5654000000-7f565418e000 rw-p 00000000 00:00 0 
7f565418e000-7f5658000000 ---p 00000000 00:00 0 
7f5658000000-7f5658021000 rw-p 00000000 00:00 0 
7f5658021000-7f565c000000 ---p 00000000 00:00 0 
7f565c000000-7f565c021000 rw-p 00000000 00:00 0 
7f565c021000-7f5660000000 ---p 00000000 00:00 0 
7f5660000000-7f5660021000 rw-p 00000000 00:00 0 
7f5660021000-7f5664000000 ---p 00000000 00:00 0 
7f5664000000-7f5664021000 rw-p 00000000 00:00 0 
7f5664021000-7f5668000000 ---p 00000000 00:00 0 
7f5668000000-7f5668021000 rw-p 00000000 00:00 0 
7f5668021000-7f566c000000 ---p 00000000 00:00 0 
7f566c000000-7f566c021000 rw-p 00000000 00:00 0 
7f566c021000-7f5670000000 ---p 00000000 00:00 0 
7f5670000000-7f5670021000 rw-p 00000000 00:00 0 
7f5670021000-7f5674000000 ---p 00000000 00:00 0 
7f5674099000-7f56740bf000 r--p 00000000 08:05 1574798                    /usr/share/locale-langpack/pt_BR/LC_MESSAGES/libc.mo
7f56740bf000-7f56741f3000 r-xp 00000000 08:05 40902452                   /usr/lib/x86_64-linux-gnu/libX11.so.6.3.0
7f56741f3000-7f56743f3000 ---p 00134000 08:05 40902452                   /usr/lib/x86_64-linux-gnu/libX11.so.6.3.0
7f56743f3000-7f56743f4000 r--p 00134000 08:05 40902452                   /usr/lib/x86_64-linux-gnu/libX11.so.6.3.0
7f56743f4000-7f56743f8000 rw-p 00135000 08:05 40902452                   /usr/lib/x86_64-linux-gnu/libX11.so.6.3.0
7f56743f8000-7f5674409000 r-xp 00000000 08:05 40902469                   /usr/lib/x86_64-linux-gnu/libXext.so.6.4.0
7f5674409000-7f5674608000 ---p 00011000 08:05 40902469                   /usr/lib/x86_64-linux-gnu/libXext.so.6.4.0
7f5674608000-7f5674609000 r--p 00010000 08:05 40902469                   /usr/lib/x86_64-linux-gnu/libXext.so.6.4.0
7f5674609000-7f567460a000 rw-p 00011000 08:05 40902469                   /usr/lib/x86_64-linux-gnu/libXext.so.6.4.0
7f5674623000-7f567462a000 r--s 00000000 08:05 41162090                   /usr/lib/x86_64-linux-gnu/gconv/gconv-modules.cache
7f567462a000-7f567467e000 r-xp 00000000 08:05 4326206                    /usr/lib/jvm/java-8-oracle/jre/lib/amd64/libawt_xawt.so
7f567467e000-7f567487e000 ---p 00054000 08:05 4326206                    /usr/lib/jvm/java-8-oracle/jre/lib/amd64/libawt_xawt.so
7f567487e000-7f5674882000 rw-p 00054000 08:05 4326206                    /usr/lib/jvm/java-8-oracle/jre/lib/amd64/libawt_xawt.so
7f5674882000-7f5674883000 rw-p 00000000 00:00 0 
7f5674883000-7f5674925000 r-xp 00000000 08:05 4326192                    /usr/lib/jvm/java-8-oracle/jre/lib/amd64/libawt.so
7f5674925000-7f5674b25000 ---p 000a2000 08:05 4326192                    /usr/lib/jvm/java-8-oracle/jre/lib/amd64/libawt.so
7f5674b25000-7f5674b31000 rw-p 000a2000 08:05 4326192                    /usr/lib/jvm/java-8-oracle/jre/lib/amd64/libawt.so
7f5674b31000-7f5674b55000 rw-p 00000000 00:00 0 
7f5674b55000-7f5674b5a000 r--s 002f9000 08:05 4325981                    /usr/lib/jvm/java-8-oracle/jre/lib/charsets.jar
7f5674b5a000-7f5674bde000 r-xp 00000000 08:05 4718603                    /tmp/sqlite-3.7.2-libsqlitejdbc.so
7f5674bde000-7f5674dde000 ---p 00084000 08:05 4718603                    /tmp/sqlite-3.7.2-libsqlitejdbc.so
7f5674dde000-7f5674ddf000 r--p 00084000 08:05 4718603                    /tmp/sqlite-3.7.2-libsqlitejdbc.so
7f5674ddf000-7f5674de2000 rw-p 00085000 08:05 4718603                    /tmp/sqlite-3.7.2-libsqlitejdbc.so
7f5674de2000-7f5674de7000 r--s 0009d000 08:05 4326040                    /usr/lib/jvm/java-8-oracle/jre/lib/jsse.jar
7f5674de7000-7f5674dec000 r--s 00309000 08:05 27791729                   /home/nathan/Área de Trabalho/sqlite-jdbc-3.7.2.jar
7f5674dec000-7f5674df6000 r--s 00116000 08:05 4326051                    /usr/lib/jvm/java-8-oracle/jre/lib/ext/localedata.jar
7f5674df6000-7f5674e12000 r--s 00393000 08:05 4326044                    /usr/lib/jvm/java-8-oracle/jre/lib/ext/cldrdata.jar
7f5674e12000-7f5674e13000 ---p 00000000 00:00 0 
7f5674e13000-7f5674f13000 rw-p 00000000 00:00 0 
7f5674f13000-7f5674f16000 ---p 00000000 00:00 0 
7f5674f16000-7f5675014000 rw-p 00000000 00:00 0 
7f5675014000-7f5675015000 ---p 00000000 00:00 0 
7f5675015000-7f5675018000 ---p 00000000 00:00 0 
7f5675018000-7f5675115000 rw-p 00000000 00:00 0 
7f5675115000-7f5675116000 ---p 00000000 00:00 0 
7f5675116000-7f5675119000 ---p 00000000 00:00 0 
7f5675119000-7f5675216000 rw-p 00000000 00:00 0 
7f5675216000-7f5675217000 ---p 00000000 00:00 0 
7f5675217000-7f567521a000 ---p 00000000 00:00 0 
7f567521a000-7f5675317000 rw-p 00000000 00:00 0 
7f5675317000-7f567531a000 ---p 00000000 00:00 0 
7f567531a000-7f5675418000 rw-p 00000000 00:00 0 
7f5675418000-7f56756f8000 r--p 00000000 08:05 40900130                   /usr/lib/locale/locale-archive
7f56756f8000-7f56756fb000 ---p 00000000 00:00 0 
7f56756fb000-7f56757f9000 rw-p 00000000 00:00 0 
7f56757f9000-7f56757fc000 ---p 00000000 00:00 0 
7f56757fc000-7f56758fa000 rw-p 00000000 00:00 0 
7f56758fa000-7f56758fb000 ---p 00000000 00:00 0 
7f56758fb000-7f567698e000 rw-p 00000000 00:00 0 
7f567698e000-7f5676b68000 r--s 03d68000 08:05 4325983                    /usr/lib/jvm/java-8-oracle/jre/lib/rt.jar
7f5676b68000-7f567b547000 rw-p 00000000 00:00 0 
7f567b547000-7f567b548000 ---p 00000000 00:00 0 
7f567b548000-7f567b648000 rw-p 00000000 00:00 0 
7f567b648000-7f567b649000 ---p 00000000 00:00 0 
7f567b649000-7f567b749000 rw-p 00000000 00:00 0 
7f567b749000-7f567b74a000 ---p 00000000 00:00 0 
7f567b74a000-7f567b84a000 rw-p 00000000 00:00 0 
7f567b84a000-7f567b84b000 ---p 00000000 00:00 0 
7f567b84b000-7f567b975000 rw-p 00000000 00:00 0 
7f567b975000-7f567bbdc000 ---p 00000000 00:00 0 
7f567bbdc000-7f567bc06000 rw-p 00000000 00:00 0 
7f567bc06000-7f567be6c000 ---p 00000000 00:00 0 
7f567be6c000-7f567be82000 rw-p 00000000 00:00 0 
7f567be82000-7f567bfb5000 ---p 00000000 00:00 0 
7f567bfb5000-7f567bfc0000 rw-p 00000000 00:00 0 
7f567bfc0000-7f567c376000 ---p 00000000 00:00 0 
7f567c376000-7f567c5f6000 rwxp 00000000 00:00 0 
7f567c5f6000-7f568b376000 ---p 00000000 00:00 0 
7f568b376000-7f568b391000 r-xp 00000000 08:05 4326195                    /usr/lib/jvm/java-8-oracle/jre/lib/amd64/libzip.so
7f568b391000-7f568b591000 ---p 0001b000 08:05 4326195                    /usr/lib/jvm/java-8-oracle/jre/lib/amd64/libzip.so
7f568b591000-7f568b592000 rw-p 0001b000 08:05 4326195                    /usr/lib/jvm/java-8-oracle/jre/lib/amd64/libzip.so
7f568b592000-7f568b59d000 r-xp 00000000 08:05 39321790                   /lib/x86_64-linux-gnu/libnss_files-2.27.so
7f568b59d000-7f568b79c000 ---p 0000b000 08:05 39321790                   /lib/x86_64-linux-gnu/libnss_files-2.27.so
7f568b79c000-7f568b79d000 r--p 0000a000 08:05 39321790                   /lib/x86_64-linux-gnu/libnss_files-2.27.so
7f568b79d000-7f568b79e000 rw-p 0000b000 08:05 39321790                   /lib/x86_64-linux-gnu/libnss_files-2.27.so
7f568b79e000-7f568b7a4000 rw-p 00000000 00:00 0 
7f568b7a4000-7f568b7bb000 r-xp 00000000 08:05 39321787                   /lib/x86_64-linux-gnu/libnsl-2.27.so
7f568b7bb000-7f568b9ba000 ---p 00017000 08:05 39321787                   /lib/x86_64-linux-gnu/libnsl-2.27.so
7f568b9ba000-7f568b9bb000 r--p 00016000 08:05 39321787                   /lib/x86_64-linux-gnu/libnsl-2.27.so
7f568b9bb000-7f568b9bc000 rw-p 00017000 08:05 39321787                   /lib/x86_64-linux-gnu/libnsl-2.27.so
7f568b9bc000-7f568b9be000 rw-p 00000000 00:00 0 
7f568b9be000-7f568b9c9000 r-xp 00000000 08:05 39321792                   /lib/x86_64-linux-gnu/libnss_nis-2.27.so
7f568b9c9000-7f568bbc8000 ---p 0000b000 08:05 39321792                   /lib/x86_64-linux-gnu/libnss_nis-2.27.so
7f568bbc8000-7f568bbc9000 r--p 0000a000 08:05 39321792                   /lib/x86_64-linux-gnu/libnss_nis-2.27.so
7f568bbc9000-7f568bbca000 rw-p 0000b000 08:05 39321792                   /lib/x86_64-linux-gnu/libnss_nis-2.27.so
7f568bbca000-7f568bbd2000 r-xp 00000000 08:05 39321788                   /lib/x86_64-linux-gnu/libnss_compat-2.27.so
7f568bbd2000-7f568bdd2000 ---p 00008000 08:05 39321788                   /lib/x86_64-linux-gnu/libnss_compat-2.27.so
7f568bdd2000-7f568bdd3000 r--p 00008000 08:05 39321788                   /lib/x86_64-linux-gnu/libnss_compat-2.27.so
7f568bdd3000-7f568bdd4000 rw-p 00009000 08:05 39321788                   /lib/x86_64-linux-gnu/libnss_compat-2.27.so
7f568bdd4000-7f568bdff000 r-xp 00000000 08:05 4326189                    /usr/lib/jvm/java-8-oracle/jre/lib/amd64/libjava.so
7f568bdff000-7f568bffe000 ---p 0002b000 08:05 4326189                    /usr/lib/jvm/java-8-oracle/jre/lib/amd64/libjava.so
7f568bffe000-7f568c000000 rw-p 0002a000 08:05 4326189                    /usr/lib/jvm/java-8-oracle/jre/lib/amd64/libjava.so
7f568c000000-7f568c438000 rw-p 00000000 00:00 0 
7f568c438000-7f5690000000 ---p 00000000 00:00 0 
7f5690004000-7f5690053000 rw-p 00000000 00:00 0 
7f5690053000-7f5690060000 r-xp 00000000 08:05 4326194                    /usr/lib/jvm/java-8-oracle/jre/lib/amd64/libverify.so
7f5690060000-7f5690260000 ---p 0000d000 08:05 4326194                    /usr/lib/jvm/java-8-oracle/jre/lib/amd64/libverify.so
7f5690260000-7f5690262000 rw-p 0000d000 08:05 4326194                    /usr/lib/jvm/java-8-oracle/jre/lib/amd64/libverify.so
7f5690262000-7f5690269000 r-xp 00000000 08:05 39321797                   /lib/x86_64-linux-gnu/librt-2.27.so
7f5690269000-7f5690468000 ---p 00007000 08:05 39321797                   /lib/x86_64-linux-gnu/librt-2.27.so
7f5690468000-7f5690469000 r--p 00006000 08:05 39321797                   /lib/x86_64-linux-gnu/librt-2.27.so
7f5690469000-7f569046a000 rw-p 00007000 08:05 39321797                   /lib/x86_64-linux-gnu/librt-2.27.so
7f569046a000-7f5690607000 r-xp 00000000 08:05 39321784                   /lib/x86_64-linux-gnu/libm-2.27.so
7f5690607000-7f5690806000 ---p 0019d000 08:05 39321784                   /lib/x86_64-linux-gnu/libm-2.27.so
7f5690806000-7f5690807000 r--p 0019c000 08:05 39321784                   /lib/x86_64-linux-gnu/libm-2.27.so
7f5690807000-7f5690808000 rw-p 0019d000 08:05 39321784                   /lib/x86_64-linux-gnu/libm-2.27.so
7f5690808000-7f56914e1000 r-xp 00000000 08:05 4326171                    /usr/lib/jvm/java-8-oracle/jre/lib/amd64/server/libjvm.so
7f56914e1000-7f56916e0000 ---p 00cd9000 08:05 4326171                    /usr/lib/jvm/java-8-oracle/jre/lib/amd64/server/libjvm.so
7f56916e0000-7f56917ba000 rw-p 00cd8000 08:05 4326171                    /usr/lib/jvm/java-8-oracle/jre/lib/amd64/server/libjvm.so
7f56917ba000-7f5691805000 rw-p 00000000 00:00 0 
7f5691805000-7f56919ec000 r-xp 00000000 08:05 39321780                   /lib/x86_64-linux-gnu/libc-2.27.so
7f56919ec000-7f5691bec000 ---p 001e7000 08:05 39321780                   /lib/x86_64-linux-gnu/libc-2.27.so
7f5691bec000-7f5691bf0000 r--p 001e7000 08:05 39321780                   /lib/x86_64-linux-gnu/libc-2.27.so
7f5691bf0000-7f5691bf2000 rw-p 001eb000 08:05 39321780                   /lib/x86_64-linux-gnu/libc-2.27.so
7f5691bf2000-7f5691bf6000 rw-p 00000000 00:00 0 
7f5691bf6000-7f5691bf9000 r-xp 00000000 08:05 39321783                   /lib/x86_64-linux-gnu/libdl-2.27.so
7f5691bf9000-7f5691df8000 ---p 00003000 08:05 39321783                   /lib/x86_64-linux-gnu/libdl-2.27.so
7f5691df8000-7f5691df9000 r--p 00002000 08:05 39321783                   /lib/x86_64-linux-gnu/libdl-2.27.so
7f5691df9000-7f5691dfa000 rw-p 00003000 08:05 39321783                   /lib/x86_64-linux-gnu/libdl-2.27.so
7f5691dfa000-7f5691e10000 r-xp 00000000 08:05 4325813                    /usr/lib/jvm/java-8-oracle/lib/amd64/jli/libjli.so
7f5691e10000-7f569200f000 ---p 00016000 08:05 4325813                    /usr/lib/jvm/java-8-oracle/lib/amd64/jli/libjli.so
7f569200f000-7f5692010000 rw-p 00015000 08:05 4325813                    /usr/lib/jvm/java-8-oracle/lib/amd64/jli/libjli.so
7f5692010000-7f569202a000 r-xp 00000000 08:05 39321795                   /lib/x86_64-linux-gnu/libpthread-2.27.so
7f569202a000-7f5692229000 ---p 0001a000 08:05 39321795                   /lib/x86_64-linux-gnu/libpthread-2.27.so
7f5692229000-7f569222a000 r--p 00019000 08:05 39321795                   /lib/x86_64-linux-gnu/libpthread-2.27.so
7f569222a000-7f569222b000 rw-p 0001a000 08:05 39321795                   /lib/x86_64-linux-gnu/libpthread-2.27.so
7f569222b000-7f569222f000 rw-p 00000000 00:00 0 
7f569222f000-7f5692256000 r-xp 00000000 08:05 39321776                   /lib/x86_64-linux-gnu/ld-2.27.so
7f5692257000-7f569225c000 r--s 00084000 08:05 4325900                    /usr/lib/jvm/java-8-oracle/jre/lib/jfr.jar
7f569225c000-7f5692261000 r--s 002f9000 08:05 4325981                    /usr/lib/jvm/java-8-oracle/jre/lib/charsets.jar
7f5692261000-7f5692266000 r--s 0009d000 08:05 4326040                    /usr/lib/jvm/java-8-oracle/jre/lib/jsse.jar
7f5692266000-7f5692331000 rw-p 00000000 00:00 0 
7f5692331000-7f5692332000 ---p 00000000 00:00 0 
7f5692332000-7f5692335000 ---p 00000000 00:00 0 
7f5692335000-7f5692436000 rw-p 00000000 00:00 0 
7f5692436000-7f5692439000 r--s 0001a000 08:05 4326215                    /usr/lib/jvm/java-8-oracle/jre/lib/jce.jar
7f5692439000-7f569244c000 r--s 00345000 08:05 4326021                    /usr/lib/jvm/java-8-oracle/jre/lib/resources.jar
7f569244c000-7f5692454000 rw-s 00000000 08:05 5640222                    /tmp/hsperfdata_nathan/8465
7f5692454000-7f5692455000 rw-p 00000000 00:00 0 
7f5692455000-7f5692456000 r--p 00000000 00:00 0 
7f5692456000-7f5692457000 r--p 00027000 08:05 39321776                   /lib/x86_64-linux-gnu/ld-2.27.so
7f5692457000-7f5692458000 rw-p 00028000 08:05 39321776                   /lib/x86_64-linux-gnu/ld-2.27.so
7f5692458000-7f5692459000 rw-p 00000000 00:00 0 
7ffe84fdd000-7ffe84ffe000 rw-p 00000000 00:00 0                          [stack]
7ffe8504e000-7ffe85051000 r--p 00000000 00:00 0                          [vvar]
7ffe85051000-7ffe85053000 r-xp 00000000 00:00 0                          [vdso]
ffffffffff600000-ffffffffff601000 r-xp 00000000 00:00 0                  [vsyscall]

VM Arguments:
jvm_args: -Dfile.encoding=UTF-8 
java_command: Principal
java_class_path (initial): /usr/lib/jvm/java-8-oracle/jre/lib/resources.jar:/usr/lib/jvm/java-8-oracle/jre/lib/rt.jar:/usr/lib/jvm/java-8-oracle/jre/lib/jsse.jar:/usr/lib/jvm/java-8-oracle/jre/lib/jce.jar:/usr/lib/jvm/java-8-oracle/jre/lib/charsets.jar:/usr/lib/jvm/java-8-oracle/jre/lib/jfr.jar:/usr/lib/jvm/java-8-oracle/jre/lib/ext/jfxrt.jar:/usr/lib/jvm/java-8-oracle/jre/lib/ext/dnsns.jar:/usr/lib/jvm/java-8-oracle/jre/lib/ext/zipfs.jar:/usr/lib/jvm/java-8-oracle/jre/lib/ext/cldrdata.jar:/usr/lib/jvm/java-8-oracle/jre/lib/ext/localedata.jar:/usr/lib/jvm/java-8-oracle/jre/lib/ext/nashorn.jar:/usr/lib/jvm/java-8-oracle/jre/lib/ext/sunec.jar:/usr/lib/jvm/java-8-oracle/jre/lib/ext/sunpkcs11.jar:/usr/lib/jvm/java-8-oracle/jre/lib/ext/jaccess.jar:/usr/lib/jvm/java-8-oracle/jre/lib/ext/sunjce_provider.jar:/home/nathan/Documentos/nathan/Poo/atividade3/Trabalho Final/bin:/home/nathan/Área de Trabalho/sqlite-jdbc-3.7.2.jar
Launcher Type: SUN_STANDARD

Environment Variables:
JAVA_HOME=/usr/lib/jvm/java-8-oracle
PATH=/usr/local/sbin:/usr/local/bin:/usr/sbin:/usr/bin:/sbin:/bin:/usr/games:/usr/local/games:/snap/bin:/usr/lib/jvm/java-8-oracle/bin:/usr/lib/jvm/java-8-oracle/db/bin:/usr/lib/jvm/java-8-oracle/jre/bin
USERNAME=nathan
SHELL=/bin/bash
DISPLAY=:0

Signal Handlers:
SIGSEGV: [libjvm.so+0xad0890], sa_mask[0]=11111111011111111101111111111110, sa_flags=SA_RESTART|SA_SIGINFO
SIGBUS: [libjvm.so+0xad0890], sa_mask[0]=11111111011111111101111111111110, sa_flags=SA_RESTART|SA_SIGINFO
SIGFPE: [libjvm.so+0x928640], sa_mask[0]=11111111011111111101111111111110, sa_flags=SA_RESTART|SA_SIGINFO
SIGPIPE: [libjvm.so+0x928640], sa_mask[0]=11111111011111111101111111111110, sa_flags=SA_RESTART|SA_SIGINFO
SIGXFSZ: [libjvm.so+0x928640], sa_mask[0]=11111111011111111101111111111110, sa_flags=SA_RESTART|SA_SIGINFO
SIGILL: [libjvm.so+0x928640], sa_mask[0]=11111111011111111101111111111110, sa_flags=SA_RESTART|SA_SIGINFO
SIGUSR1: SIG_DFL, sa_mask[0]=00000000000000000000000000000000, sa_flags=none
SIGUSR2: [libjvm.so+0x929ea0], sa_mask[0]=00100000000000000000000000000000, sa_flags=SA_RESTART|SA_SIGINFO
SIGHUP: [libjvm.so+0x92b2a0], sa_mask[0]=11111111011111111101111111111110, sa_flags=SA_RESTART|SA_SIGINFO
SIGINT: [libjvm.so+0x92b2a0], sa_mask[0]=11111111011111111101111111111110, sa_flags=SA_RESTART|SA_SIGINFO
SIGTERM: [libjvm.so+0x92b2a0], sa_mask[0]=11111111011111111101111111111110, sa_flags=SA_RESTART|SA_SIGINFO
SIGQUIT: [libjvm.so+0x92b2a0], sa_mask[0]=11111111011111111101111111111110, sa_flags=SA_RESTART|SA_SIGINFO


---------------  S Y S T E M  ---------------

OS:DISTRIB_ID=Ubuntu
DISTRIB_RELEASE=18.04
DISTRIB_CODENAME=bionic
DISTRIB_DESCRIPTION="Ubuntu 18.04 LTS"

uname:Linux 4.15.0-22-generic #24-Ubuntu SMP Wed May 16 12:15:17 UTC 2018 x86_64
libc:glibc 2.27 NPTL 2.27 
rlimit: STACK 8192k, CORE 0k, NPROC 31259, NOFILE 1048576, AS infinity
load average:0,70 0,91 1,02

/proc/meminfo:
MemTotal:        8061336 kB
MemFree:         2850272 kB
MemAvailable:    4609100 kB
Buffers:          359168 kB
Cached:          1714288 kB
SwapCached:            0 kB
Active:          3605032 kB
Inactive:        1188404 kB
Active(anon):    2721096 kB
Inactive(anon):   223076 kB
Active(file):     883936 kB
Inactive(file):   965328 kB
Unevictable:          16 kB
Mlocked:              16 kB
SwapTotal:       2097148 kB
SwapFree:        2097148 kB
Dirty:              2380 kB
Writeback:             0 kB
AnonPages:       2719892 kB
Mapped:           264656 kB
Shmem:            224168 kB
Slab:             273376 kB
SReclaimable:     214432 kB
SUnreclaim:        58944 kB
KernelStack:       11824 kB
PageTables:        33520 kB
NFS_Unstable:          0 kB
Bounce:                0 kB
WritebackTmp:          0 kB
CommitLimit:     6127816 kB
Committed_AS:    7107028 kB
VmallocTotal:   34359738367 kB
VmallocUsed:           0 kB
VmallocChunk:          0 kB
HardwareCorrupted:     0 kB
AnonHugePages:         0 kB
ShmemHugePages:        0 kB
ShmemPmdMapped:        0 kB
CmaTotal:              0 kB
CmaFree:               0 kB
HugePages_Total:       0
HugePages_Free:        0
HugePages_Rsvd:        0
HugePages_Surp:        0
Hugepagesize:       2048 kB
DirectMap4k:      273736 kB
DirectMap2M:     8007680 kB
DirectMap1G:           0 kB


CPU:total 4 (initial active 4) (2 cores per cpu, 2 threads per core) family 6 model 61 stepping 4, cmov, cx8, fxsr, mmx, sse, sse2, sse3, ssse3, sse4.1, sse4.2, popcnt, avx, avx2, aes, clmul, erms, 3dnowpref, lzcnt, ht, tsc, tscinvbit, bmi1, bmi2, adx

/proc/cpuinfo:
processor	: 0
vendor_id	: GenuineIntel
cpu family	: 6
model		: 61
model name	: Intel(R) Core(TM) i7-5500U CPU @ 2.40GHz
stepping	: 4
microcode	: 0x2a
cpu MHz		: 2893.573
cache size	: 4096 KB
physical id	: 0
siblings	: 4
core id		: 0
cpu cores	: 2
apicid		: 0
initial apicid	: 0
fpu		: yes
fpu_exception	: yes
cpuid level	: 20
wp		: yes
flags		: fpu vme de pse tsc msr pae mce cx8 apic sep mtrr pge mca cmov pat pse36 clflush dts acpi mmx fxsr sse sse2 ss ht tm pbe syscall nx pdpe1gb rdtscp lm constant_tsc arch_perfmon pebs bts rep_good nopl xtopology nonstop_tsc cpuid aperfmperf pni pclmulqdq dtes64 monitor ds_cpl vmx est tm2 ssse3 sdbg fma cx16 xtpr pdcm pcid sse4_1 sse4_2 x2apic movbe popcnt tsc_deadline_timer aes xsave avx f16c rdrand lahf_lm abm 3dnowprefetch cpuid_fault epb invpcid_single pti tpr_shadow vnmi flexpriority ept vpid fsgsbase tsc_adjust bmi1 avx2 smep bmi2 erms invpcid rdseed adx smap intel_pt xsaveopt ibpb ibrs stibp dtherm ida arat pln pts
bugs		: cpu_meltdown spectre_v1 spectre_v2 spec_store_bypass
bogomips	: 4789.36
clflush size	: 64
cache_alignment	: 64
address sizes	: 39 bits physical, 48 bits virtual
power management:

processor	: 1
vendor_id	: GenuineIntel
cpu family	: 6
model		: 61
model name	: Intel(R) Core(TM) i7-5500U CPU @ 2.40GHz
stepping	: 4
microcode	: 0x2a
cpu MHz		: 2893.572
cache size	: 4096 KB
physical id	: 0
siblings	: 4
core id		: 1
cpu cores	: 4
apicid		: 2
initial apicid	: 2
fpu		: yes
fpu_exception	: yes
cpuid level	: 20
wp		: yes
flags		: fpu vme de pse tsc msr pae mce cx8 apic sep mtrr pge mca cmov pat pse36 clflush dts acpi mmx fxsr sse sse2 ss ht tm pbe syscall nx pdpe1gb rdtscp lm constant_tsc arch_perfmon pebs bts rep_good nopl xtopology nonstop_tsc cpuid aperfmperf pni pclmulqdq dtes64 monitor ds_cpl vmx est tm2 ssse3 sdbg fma cx16 xtpr pdcm pcid sse4_1 sse4_2 x2apic movbe popcnt tsc_deadline_timer aes xsave avx f16c rdrand lahf_lm abm 3dnowprefetch cpuid_fault epb invpcid_single pti tpr_shadow vnmi flexpriority ept vpid fsgsbase tsc_adjust bmi1 avx2 smep bmi2 erms invpcid rdseed adx smap intel_pt xsaveopt ibpb ibrs stibp dtherm ida arat pln pts
bugs		: cpu_meltdown spectre_v1 spectre_v2 spec_store_bypass
bogomips	: 4789.36
clflush size	: 64
cache_alignment	: 64
address sizes	: 39 bits physical, 48 bits virtual
power management:

processor	: 2
vendor_id	: GenuineIntel
cpu family	: 6
model		: 61
model name	: Intel(R) Core(TM) i7-5500U CPU @ 2.40GHz
stepping	: 4
microcode	: 0x2a
cpu MHz		: 2893.574
cache size	: 4096 KB
physical id	: 0
siblings	: 4
core id		: 0
cpu cores	: 2
apicid		: 1
initial apicid	: 1
fpu		: yes
fpu_exception	: yes
cpuid level	: 20
wp		: yes
flags		: fpu vme de pse tsc msr pae mce cx8 apic sep mtrr pge mca cmov pat pse36 clflush dts acpi mmx fxsr sse sse2 ss ht tm pbe syscall nx pdpe1gb rdtscp lm constant_tsc arch_perfmon pebs bts rep_good nopl xtopology nonstop_tsc cpuid aperfmperf pni pclmulqdq dtes64 monitor ds_cpl vmx est tm2 ssse3 sdbg fma cx16 xtpr pdcm pcid sse4_1 sse4_2 x2apic movbe popcnt tsc_deadline_timer aes xsave avx f16c rdrand lahf_lm abm 3dnowprefetch cpuid_fault epb invpcid_single pti tpr_shadow vnmi flexpriority ept vpid fsgsbase tsc_adjust bmi1 avx2 smep bmi2 erms invpcid rdseed adx smap intel_pt xsaveopt ibpb ibrs stibp dtherm ida arat pln pts
bugs		: cpu_meltdown spectre_v1 spectre_v2 spec_store_bypass
bogomips	: 4789.36
clflush size	: 64
cache_alignment	: 64
address sizes	: 39 bits physical, 48 bits virtual
power management:

processor	: 3
vendor_id	: GenuineIntel
cpu family	: 6
model		: 61
model name	: Intel(R) Core(TM) i7-5500U CPU @ 2.40GHz
stepping	: 4
microcode	: 0x2a
cpu MHz		: 2893.572
cache size	: 4096 KB
physical id	: 0
siblings	: 4
core id		: 1
cpu cores	: 1
apicid		: 3
initial apicid	: 3
fpu		: yes
fpu_exception	: yes
cpuid level	: 20
wp		: yes
flags		: fpu vme de pse tsc msr pae mce cx8 apic sep mtrr pge mca cmov pat pse36 clflush dts acpi mmx fxsr sse sse2 ss ht tm pbe syscall nx pdpe1gb rdtscp lm constant_tsc arch_perfmon pebs bts rep_good nopl xtopology nonstop_tsc cpuid aperfmperf pni pclmulqdq dtes64 monitor ds_cpl vmx est tm2 ssse3 sdbg fma cx16 xtpr pdcm pcid sse4_1 sse4_2 x2apic movbe popcnt tsc_deadline_timer aes xsave avx f16c rdrand lahf_lm abm 3dnowprefetch cpuid_fault epb invpcid_single pti tpr_shadow vnmi flexpriority ept vpid fsgsbase tsc_adjust bmi1 avx2 smep bmi2 erms invpcid rdseed adx smap intel_pt xsaveopt ibpb ibrs stibp dtherm ida arat pln pts
bugs		: cpu_meltdown spectre_v1 spectre_v2 spec_store_bypass
bogomips	: 4789.36
clflush size	: 64
cache_alignment	: 64
address sizes	: 39 bits physical, 48 bits virtual
power management:



Memory: 4k page, physical 8061336k(2962736k free), swap 2097148k(2097148k free)

vm_info: Java HotSpot(TM) 64-Bit Server VM (25.171-b11) for linux-amd64 JRE (1.8.0_171-b11), built on Mar 28 2018 17:07:08 by "java_re" with gcc 4.3.0 20080428 (Red Hat 4.3.0-8)

time: Fri Jun  8 13:08:46 2018
elapsed time: 4864 seconds (0d 1h 21m 4s)

