#
# A fatal error has been detected by the Java Runtime Environment:
#
#  SIGSEGV (0xb) at pc=0x00007fdbdd069cba, pid=9553, tid=0x00007fdb9fbef700
#
# JRE version: Java(TM) SE Runtime Environment (8.0_171-b11) (build 1.8.0_171-b11)
# Java VM: Java HotSpot(TM) 64-Bit Server VM (25.171-b11 mixed mode linux-amd64 compressed oops)
# Problematic frame:
# v  ~BufferBlob::jni_fast_GetLongField
#
# Failed to write core dump. Core dumps have been disabled. To enable core dumping, try "ulimit -c unlimited" before starting Java again
#
# If you would like to submit a bug report, please visit:
#   http://bugreport.java.com/bugreport/crash.jsp
# The crash happened outside the Java Virtual Machine in native code.
# See problematic frame for where to report the bug.
#

---------------  T H R E A D  ---------------

Current thread (0x00007fdbec2eb000):  JavaThread "AWT-XAWT" daemon [_thread_in_native, id=9575, stack(0x00007fdb9faef000,0x00007fdb9fbf0000)]

siginfo: si_signo: 11 (SIGSEGV), si_code: 1 (SEGV_MAPERR), si_addr: 0x0000000000000000

Registers:
RAX=0x00007fdbf2be44c0, RBX=0x00007fdbec2eb1f8, RCX=0x00007fdbf3675320, RDX=0x0000000000000042
RSP=0x00007fdb9fbee458, RBP=0x00007fdb9fbee480, RSI=0x0000000000000000, RDI=0x00007fdbec2eb1f8
R8 =0x00000000d71f70c8, R9 =0x0000000000000000, R10=0x0000000000000024, R11=0x00007fdbdd259158
R12=0x00007fdb8400e060, R13=0x0000000000000000, R14=0x00007fdbcdcb2820, R15=0x00007fdbec2eb000
RIP=0x00007fdbdd069cba, EFLAGS=0x0000000000010246, CSGSFS=0x002b000000000033, ERR=0x0000000000000004
  TRAPNO=0x000000000000000e

Top of Stack: (sp=0x00007fdb9fbee458)
0x00007fdb9fbee458:   00007fdbcda91001 00007fdbcfdf9e48
0x00007fdb9fbee468:   00007fdb8400e060 00007fdb9fbee530
0x00007fdb9fbee478:   00007fdb9fbee500 0000000000000000
0x00007fdb9fbee488:   00007fdbcd553300 00007fdbcfdf9e48
0x00007fdb9fbee498:   00007fdb9fbee4c0 0000000000000000
0x00007fdb9fbee4a8:   00007fdbcd54ae23 00007fdb9fbee530
0x00007fdb9fbee4b8:   00007fdbcda8a23f 00007fdb9fbee510
0x00007fdb9fbee4c8:   00007fdbdd2591f6 0000000000000000
0x00007fdb9fbee4d8:   00007fdbdd244476 00007fdb9fbee530
0x00007fdb9fbee4e8:   00007fdbdd1269ec 00007fdb9fbee590
0x00007fdb9fbee4f8:   00000000d7379b28 00000000d737a888
0x00007fdb9fbee508:   0000000000000001 00007fdb9fbee590
0x00007fdb9fbee518:   00007fdbdd007a90 00007fdb9fbee590
0x00007fdb9fbee528:   00007fdbdd007a90 0000000000000000
0x00007fdb9fbee538:   00007fdbdd007dd0 00007fdb94001090
0x00007fdb9fbee548:   00000000d73db5d8 00007fdb9fbee550
0x00007fdb9fbee558:   00007fdbcfdda00c 00007fdb9fbee5d8
0x00007fdb9fbee568:   00007fdbcfde2ff0 0000000000000000
0x00007fdb9fbee578:   00007fdbcfdda148 00007fdb9fbee530
0x00007fdb9fbee588:   00007fdb9fbee5d0 00007fdb9fbee620
0x00007fdb9fbee598:   00007fdbdd0082bd 0000000000000000
0x00007fdb9fbee5a8:   00000000d7735108 00000000d7703638
0x00007fdb9fbee5b8:   0000000000000000 0000000000000000
0x00007fdb9fbee5c8:   00000000d73db5d8 0000000000000000
0x00007fdb9fbee5d8:   00000000d73acfc0 00007fdb9fbee5e0
0x00007fdb9fbee5e8:   00007fdbcfdd9e4d 00007fdb9fbee630
0x00007fdb9fbee5f8:   00007fdbcfde2ff0 0000000000000000
0x00007fdb9fbee608:   00007fdbcfdd9e58 00007fdb9fbee5d0
0x00007fdb9fbee618:   00007fdb9fbee630 00007fdb9fbee678
0x00007fdb9fbee628:   00007fdbdd008302 00000000d73acfc0
0x00007fdb9fbee638:   00007fdb9fbee638 00007fdbcf82e53b
0x00007fdb9fbee648:   00007fdb9fbee688 00007fdbcf8b5f88 

Instructions: (pc=0x00007fdbdd069cba)
0x00007fdbdd069c9a:   00 00 00 00 00 00 44 8b 15 41 a3 bb 15 4c 8b ce
0x00007fdbdd069caa:   41 f6 c2 01 0f 85 2e 00 00 00 4d 33 ca 4d 33 ca
0x00007fdbdd069cba:   4d 8b 09 4c 8b da 49 c1 eb 02 4b 8b 04 19 49 bb
0x00007fdbdd069cca:   e8 3f c2 f2 db 7f 00 00 4c 33 d8 4c 33 d8 45 3b 

Register to memory mapping:

RAX=0x00007fdbf2be44c0: <offset 0xf914c0> in /usr/lib/jvm/java-8-oracle/jre/lib/amd64/server/libjvm.so at 0x00007fdbf1c53000
RBX=0x00007fdbec2eb1f8 is an unknown value
RCX=0x00007fdbf3675320: <offset 0x21a320> in /lib/x86_64-linux-gnu/libpthread.so.0 at 0x00007fdbf345b000
RDX=0x0000000000000042 is an unknown value
RSP=0x00007fdb9fbee458 is pointing into the stack for thread: 0x00007fdbec2eb000
RBP=0x00007fdb9fbee480 is pointing into the stack for thread: 0x00007fdbec2eb000
RSI=0x0000000000000000 is an unknown value
RDI=0x00007fdbec2eb1f8 is an unknown value
R8 =0x00000000d71f70c8 is an oop
sun.util.logging.PlatformLogger$Level 
 - klass: 'sun/util/logging/PlatformLogger$Level'
R9 =0x0000000000000000 is an unknown value
R10=0x0000000000000024 is an unknown value
R11=0x00007fdbdd259158 is at entry_point+24 in (nmethod*)0x00007fdbdd258fd0
R12=0x00007fdb8400e060 is an unknown value
R13=0x0000000000000000 is an unknown value
R14=0x00007fdbcdcb2820: <offset 0x258820> in /usr/lib/jvm/java-8-oracle/jre/lib/amd64/libawt_xawt.so at 0x00007fdbcda5a000
R15=0x00007fdbec2eb000 is a thread


Stack: [0x00007fdb9faef000,0x00007fdb9fbf0000],  sp=0x00007fdb9fbee458,  free space=1021k
Native frames: (J=compiled Java code, j=interpreted, Vv=VM code, C=native code)
v  ~BufferBlob::jni_fast_GetLongField
C  [libX11.so.6+0x64300]  _XimServerDestroy+0x70

Java frames: (J=compiled Java code, j=interpreted, Vv=VM code)
J 567  sun.awt.X11.XlibWrapper.XFilterEvent(JJ)Z (0 bytes) @ 0x00007fdbdd259184 [0x00007fdbdd259140+0x44]
j  sun.awt.X11.XToolkit.run(Z)V+300
j  sun.awt.X11.XToolkit.run()V+5
j  java.lang.Thread.run()V+11
v  ~StubRoutines::call_stub

---------------  P R O C E S S  ---------------

Java Threads: ( => current thread )
=>0x00007fdbec2eb000 JavaThread "AWT-XAWT" daemon [_thread_in_native, id=9575, stack(0x00007fdb9faef000,0x00007fdb9fbf0000)]
  0x00007fdbec2cb800 JavaThread "Java2D Disposer" daemon [_thread_blocked, id=9574, stack(0x00007fdbcc0d0000,0x00007fdbcc1d1000)]
  0x00007fdbec0d4000 JavaThread "Service Thread" daemon [_thread_blocked, id=9571, stack(0x00007fdbce30e000,0x00007fdbce40f000)]
  0x00007fdbec0be800 JavaThread "C1 CompilerThread2" daemon [_thread_blocked, id=9570, stack(0x00007fdbce410000,0x00007fdbce510000)]
  0x00007fdbec0bd000 JavaThread "C2 CompilerThread1" daemon [_thread_blocked, id=9569, stack(0x00007fdbce511000,0x00007fdbce611000)]
  0x00007fdbec0ba000 JavaThread "C2 CompilerThread0" daemon [_thread_blocked, id=9568, stack(0x00007fdbce612000,0x00007fdbce712000)]
  0x00007fdbec0b8800 JavaThread "Signal Dispatcher" daemon [_thread_blocked, id=9567, stack(0x00007fdbce712000,0x00007fdbce813000)]
  0x00007fdbec085800 JavaThread "Finalizer" daemon [_thread_blocked, id=9566, stack(0x00007fdbceaf3000,0x00007fdbcebf4000)]
  0x00007fdbec081000 JavaThread "Reference Handler" daemon [_thread_blocked, id=9565, stack(0x00007fdbcebf4000,0x00007fdbcecf5000)]
  0x00007fdbec00b800 JavaThread "main" [_thread_in_native, id=9555, stack(0x00007fdbf377d000,0x00007fdbf387d000)]

Other Threads:
  0x00007fdbec079800 VMThread [stack: 0x00007fdbcecf6000,0x00007fdbcedf6000] [id=9564]
  0x00007fdbec0e1000 WatcherThread [stack: 0x00007fdbce20e000,0x00007fdbce30e000] [id=9572]

VM state:not at safepoint (normal execution)

VM Mutex/Monitor currently owned by a thread: None

Heap:
 PSYoungGen      total 36864K, used 8905K [0x00000000d6f80000, 0x00000000d9880000, 0x0000000100000000)
  eden space 31744K, 28% used [0x00000000d6f80000,0x00000000d7832640,0x00000000d8e80000)
  from space 5120K, 0% used [0x00000000d9380000,0x00000000d9380000,0x00000000d9880000)
  to   space 5120K, 0% used [0x00000000d8e80000,0x00000000d8e80000,0x00000000d9380000)
 ParOldGen       total 84992K, used 0K [0x0000000084e00000, 0x000000008a100000, 0x00000000d6f80000)
  object space 84992K, 0% used [0x0000000084e00000,0x0000000084e00000,0x000000008a100000)
 Metaspace       used 12117K, capacity 12402K, committed 12544K, reserved 1060864K
  class space    used 1416K, capacity 1492K, committed 1536K, reserved 1048576K

Card table byte_map: [0x00007fdbf007a000,0x00007fdbf0454000] byte_map_base: 0x00007fdbefc53000

Marking Bits: (ParMarkBitMap*) 0x00007fdbf2c23280
 Begin Bits: [0x00007fdbd4270000, 0x00007fdbd6138000)
 End Bits:   [0x00007fdbd6138000, 0x00007fdbd8000000)

Polling page: 0x00007fdbf38a0000

CodeCache: size=245760Kb used=2486Kb max_used=2498Kb free=243273Kb
 bounds [0x00007fdbdd000000, 0x00007fdbdd280000, 0x00007fdbec000000]
 total_blobs=1133 nmethods=583 adapters=464
 compilation: enabled

Compilation events (10 events):
Event: 957,664 Thread 0x00007fdbec0ba000  579       4       sun.util.logging.PlatformLogger::isLoggable (38 bytes)
Event: 957,666 Thread 0x00007fdbec0ba000 nmethod 579 0x00007fdbdd26eb50 code [0x00007fdbdd26ecc0, 0x00007fdbdd26ee38]
Event: 1037,194 Thread 0x00007fdbec0be800  580       3       sun.awt.X11.XMSelection$1::dispatchEvent (10 bytes)
Event: 1037,195 Thread 0x00007fdbec0be800 nmethod 580 0x00007fdbdd26e250 code [0x00007fdbdd26e400, 0x00007fdbdd26e858]
Event: 1037,195 Thread 0x00007fdbec0be800  581       3       sun.awt.X11.XMSelection::processRootEvent (32 bytes)
Event: 1037,195 Thread 0x00007fdbec0be800 nmethod 581 0x00007fdbdd26da90 code [0x00007fdbdd26dc40, 0x00007fdbdd26dff8]
Event: 1397,242 Thread 0x00007fdbec0bd000  582       4       java.lang.Long::valueOf (36 bytes)
Event: 1397,244 Thread 0x00007fdbec0bd000 nmethod 582 0x00007fdbdd2708d0 code [0x00007fdbdd270a20, 0x00007fdbdd270b58]
Event: 1536,212 Thread 0x00007fdbec0ba000  583   !   4       sun.awt.X11.XToolkit::callTimeoutTasks (220 bytes)
Event: 1536,214 Thread 0x00007fdbec0ba000 nmethod 583 0x00007fdbdd270c50 code [0x00007fdbdd270dc0, 0x00007fdbdd270f18]

GC Heap History (0 events):
No events

Deoptimization events (6 events):
Event: 2,377 Thread 0x00007fdbec00b800 Uncommon trap: reason=unstable_if action=reinterpret pc=0x00007fdbdd15a5b8 method=java.security.DigestInputStream.read()I @ 17
Event: 2,377 Thread 0x00007fdbec00b800 Uncommon trap: reason=unstable_if action=reinterpret pc=0x00007fdbdd1527a4 method=org.sqlite.SQLiteJDBCLoader.md5sum(Ljava/io/InputStream;)Ljava/lang/String; @ 29
Event: 2,377 Thread 0x00007fdbec00b800 Uncommon trap: reason=unstable_if action=reinterpret pc=0x00007fdbdd153938 method=sun.security.provider.DigestBase.engineUpdate(B)V @ 4
Event: 3,627 Thread 0x00007fdbec353800 Uncommon trap: reason=class_check action=maybe_recompile pc=0x00007fdbdd1c4d1c method=java.lang.String.equals(Ljava/lang/Object;)Z @ 8
Event: 3,627 Thread 0x00007fdbec353800 Uncommon trap: reason=class_check action=maybe_recompile pc=0x00007fdbdd1c4d1c method=java.lang.String.equals(Ljava/lang/Object;)Z @ 8
Event: 3,627 Thread 0x00007fdbec353800 Uncommon trap: reason=class_check action=maybe_recompile pc=0x00007fdbdd1c4d1c method=java.lang.String.equals(Ljava/lang/Object;)Z @ 8

Classes redefined (0 events):
No events

Internal exceptions (10 events):
Event: 0,090 Thread 0x00007fdbec00b800 Exception <a 'java/security/PrivilegedActionException'> (0x00000000d7015468) thrown at [/HUDSON/workspace/8-2-build-linux-amd64/jdk8u171/10807/hotspot/src/share/vm/prims/jvm.cpp, line 1435]
Event: 0,090 Thread 0x00007fdbec00b800 Exception <a 'java/security/PrivilegedActionException'> (0x00000000d7015860) thrown at [/HUDSON/workspace/8-2-build-linux-amd64/jdk8u171/10807/hotspot/src/share/vm/prims/jvm.cpp, line 1435]
Event: 0,091 Thread 0x00007fdbec00b800 Exception <a 'java/security/PrivilegedActionException'> (0x00000000d7017eb0) thrown at [/HUDSON/workspace/8-2-build-linux-amd64/jdk8u171/10807/hotspot/src/share/vm/prims/jvm.cpp, line 1435]
Event: 0,091 Thread 0x00007fdbec00b800 Exception <a 'java/security/PrivilegedActionException'> (0x00000000d70182a8) thrown at [/HUDSON/workspace/8-2-build-linux-amd64/jdk8u171/10807/hotspot/src/share/vm/prims/jvm.cpp, line 1435]
Event: 2,377 Thread 0x00007fdbec00b800 Implicit null exception at 0x00007fdbdd15364a to 0x00007fdbdd153925
Event: 2,644 Thread 0x00007fdbec00b800 Exception <a 'java/lang/NoSuchFieldError': method resolution failed> (0x00000000d72cc9a0) thrown at [/HUDSON/workspace/8-2-build-linux-amd64/jdk8u171/10807/hotspot/src/share/vm/prims/methodHandles.cpp, line 1167]
Event: 2,646 Thread 0x00007fdbec00b800 Exception <a 'java/lang/NoSuchFieldError': method resolution failed> (0x00000000d72da140) thrown at [/HUDSON/workspace/8-2-build-linux-amd64/jdk8u171/10807/hotspot/src/share/vm/prims/methodHandles.cpp, line 1167]
Event: 2,665 Thread 0x00007fdbec00b800 Exception <a 'java/io/FileNotFoundException'> (0x00000000d73595e0) thrown at [/HUDSON/workspace/8-2-build-linux-amd64/jdk8u171/10807/hotspot/src/share/vm/prims/jni.cpp, line 709]
Event: 2,665 Thread 0x00007fdbec00b800 Exception <a 'java/io/FileNotFoundException'> (0x00000000d735a0c0) thrown at [/HUDSON/workspace/8-2-build-linux-amd64/jdk8u171/10807/hotspot/src/share/vm/prims/jni.cpp, line 709]
Event: 2,929 Thread 0x00007fdbec353800 Exception <a 'java/lang/UnsupportedOperationException': > (0x00000000d7667fa0) thrown at [/HUDSON/workspace/8-2-build-linux-amd64/jdk8u171/10807/hotspot/src/share/vm/prims/jni.cpp, line 735]

Events (10 events):
Event: 3,641 loading class java/awt/Component$FlipBufferStrategy done
Event: 4,076 Executing VM operation: EnableBiasedLocking
Event: 4,076 Executing VM operation: EnableBiasedLocking done
Event: 4,643 loading class sun/awt/AppContext$PostShutdownEventRunnable
Event: 4,643 loading class sun/awt/AppContext$PostShutdownEventRunnable done
Event: 4,643 loading class sun/awt/AWTAutoShutdown$1
Event: 4,643 loading class sun/awt/AWTAutoShutdown$1 done
Event: 4,643 Thread 0x00007fdbec34e800 Thread exited: 0x00007fdbec34e800
Event: 4,643 Thread 0x00007fdbec353800 Thread exited: 0x00007fdbec353800
Event: 7,735 Thread 0x00007fdbec309800 Thread exited: 0x00007fdbec309800


Dynamic libraries:
00400000-00401000 r-xp 00000000 08:05 40899336                           /usr/lib/jvm/java-8-oracle/bin/java
00600000-00601000 rw-p 00000000 08:05 40899336                           /usr/lib/jvm/java-8-oracle/bin/java
0203c000-0205d000 rw-p 00000000 00:00 0                                  [heap]
84e00000-8a100000 rw-p 00000000 00:00 0 
8a100000-d6f80000 ---p 00000000 00:00 0 
d6f80000-d9880000 rw-p 00000000 00:00 0 
d9880000-100000000 ---p 00000000 00:00 0 
100000000-100180000 rw-p 00000000 00:00 0 
100180000-140000000 ---p 00000000 00:00 0 
7fdb84000000-7fdb84021000 rw-p 00000000 00:00 0 
7fdb84021000-7fdb88000000 ---p 00000000 00:00 0 
7fdb8bcff000-7fdb8bdbf000 rw-p 00000000 00:00 0 
7fdb8bdbf000-7fdb8bf02000 ---p 00000000 00:00 0 
7fdb8bf02000-7fdb8c000000 rw-p 00000000 00:00 0 
7fdb8c000000-7fdb8c021000 rw-p 00000000 00:00 0 
7fdb8c021000-7fdb90000000 ---p 00000000 00:00 0 
7fdb90000000-7fdb90021000 rw-p 00000000 00:00 0 
7fdb90021000-7fdb94000000 ---p 00000000 00:00 0 
7fdb94000000-7fdb9402a000 rw-p 00000000 00:00 0 
7fdb9402a000-7fdb98000000 ---p 00000000 00:00 0 
7fdb98000000-7fdb98021000 rw-p 00000000 00:00 0 
7fdb98021000-7fdb9c000000 ---p 00000000 00:00 0 
7fdb9c044000-7fdb9c047000 ---p 00000000 00:00 0 
7fdb9c047000-7fdb9c145000 rw-p 00000000 00:00 0 
7fdb9c145000-7fdb9c1af000 r-xp 00000000 08:05 4326161                    /usr/lib/jvm/java-8-oracle/jre/lib/amd64/libt2k.so
7fdb9c1af000-7fdb9c3ae000 ---p 0006a000 08:05 4326161                    /usr/lib/jvm/java-8-oracle/jre/lib/amd64/libt2k.so
7fdb9c3ae000-7fdb9c3b5000 rw-p 00069000 08:05 4326161                    /usr/lib/jvm/java-8-oracle/jre/lib/amd64/libt2k.so
7fdb9c3b5000-7fdb9c3c5000 rw-p 00000000 00:00 0 
7fdb9c3c5000-7fdb9c3d6000 r-xp 00000000 08:05 4326202                    /usr/lib/jvm/java-8-oracle/jre/lib/amd64/libnio.so
7fdb9c3d6000-7fdb9c5d5000 ---p 00011000 08:05 4326202                    /usr/lib/jvm/java-8-oracle/jre/lib/amd64/libnio.so
7fdb9c5d5000-7fdb9c5d6000 rw-p 00010000 08:05 4326202                    /usr/lib/jvm/java-8-oracle/jre/lib/amd64/libnio.so
7fdb9c5d6000-7fdb9f5d7000 rw-p 00000000 00:00 0 
7fdb9f5d7000-7fdb9f5ed000 r-xp 00000000 08:05 4326199                    /usr/lib/jvm/java-8-oracle/jre/lib/amd64/libnet.so
7fdb9f5ed000-7fdb9f7ed000 ---p 00016000 08:05 4326199                    /usr/lib/jvm/java-8-oracle/jre/lib/amd64/libnet.so
7fdb9f7ed000-7fdb9f7ee000 rw-p 00016000 08:05 4326199                    /usr/lib/jvm/java-8-oracle/jre/lib/amd64/libnet.so
7fdb9f7ee000-7fdb9f9ee000 rw-p 00000000 00:00 0 
7fdb9f9ee000-7fdb9f9f1000 ---p 00000000 00:00 0 
7fdb9f9f1000-7fdb9faef000 rw-p 00000000 00:00 0 
7fdb9faef000-7fdb9faf2000 ---p 00000000 00:00 0 
7fdb9faf2000-7fdb9fbf0000 rw-p 00000000 00:00 0 
7fdb9fbf0000-7fdb9fbf5000 r-xp 00000000 08:05 40902471                   /usr/lib/x86_64-linux-gnu/libXfixes.so.3.1.0
7fdb9fbf5000-7fdb9fdf4000 ---p 00005000 08:05 40902471                   /usr/lib/x86_64-linux-gnu/libXfixes.so.3.1.0
7fdb9fdf4000-7fdb9fdf5000 r--p 00004000 08:05 40902471                   /usr/lib/x86_64-linux-gnu/libXfixes.so.3.1.0
7fdb9fdf5000-7fdb9fdf6000 rw-p 00005000 08:05 40902471                   /usr/lib/x86_64-linux-gnu/libXfixes.so.3.1.0
7fdb9fdf6000-7fdb9fdff000 r-xp 00000000 08:05 40899568                   /usr/lib/x86_64-linux-gnu/libXcursor.so.1.0.2
7fdb9fdff000-7fdb9fffe000 ---p 00009000 08:05 40899568                   /usr/lib/x86_64-linux-gnu/libXcursor.so.1.0.2
7fdb9fffe000-7fdb9ffff000 r--p 00008000 08:05 40899568                   /usr/lib/x86_64-linux-gnu/libXcursor.so.1.0.2
7fdb9ffff000-7fdba0000000 rw-p 00009000 08:05 40899568                   /usr/lib/x86_64-linux-gnu/libXcursor.so.1.0.2
7fdba0000000-7fdba0021000 rw-p 00000000 00:00 0 
7fdba0021000-7fdba4000000 ---p 00000000 00:00 0 
7fdba4000000-7fdba4021000 rw-p 00000000 00:00 0 
7fdba4021000-7fdba8000000 ---p 00000000 00:00 0 
7fdba8000000-7fdba811c000 rw-p 00000000 00:00 0 
7fdba811c000-7fdbac000000 ---p 00000000 00:00 0 
7fdbac000000-7fdbac2f2000 rw-p 00000000 00:00 0 
7fdbac2f2000-7fdbb0000000 ---p 00000000 00:00 0 
7fdbb0000000-7fdbb0021000 rw-p 00000000 00:00 0 
7fdbb0021000-7fdbb4000000 ---p 00000000 00:00 0 
7fdbb4000000-7fdbb412c000 rw-p 00000000 00:00 0 
7fdbb412c000-7fdbb8000000 ---p 00000000 00:00 0 
7fdbb8000000-7fdbb8021000 rw-p 00000000 00:00 0 
7fdbb8021000-7fdbbc000000 ---p 00000000 00:00 0 
7fdbbc000000-7fdbbc021000 rw-p 00000000 00:00 0 
7fdbbc021000-7fdbc0000000 ---p 00000000 00:00 0 
7fdbc0000000-7fdbc0021000 rw-p 00000000 00:00 0 
7fdbc0021000-7fdbc4000000 ---p 00000000 00:00 0 
7fdbc4000000-7fdbc4021000 rw-p 00000000 00:00 0 
7fdbc4021000-7fdbc8000000 ---p 00000000 00:00 0 
7fdbc8000000-7fdbc8021000 rw-p 00000000 00:00 0 
7fdbc8021000-7fdbcc000000 ---p 00000000 00:00 0 
7fdbcc0d0000-7fdbcc0d3000 ---p 00000000 00:00 0 
7fdbcc0d3000-7fdbcc1d1000 rw-p 00000000 00:00 0 
7fdbcc1d1000-7fdbcc1e8000 r-xp 00000000 08:05 39321823                   /lib/x86_64-linux-gnu/libgcc_s.so.1
7fdbcc1e8000-7fdbcc3e7000 ---p 00017000 08:05 39321823                   /lib/x86_64-linux-gnu/libgcc_s.so.1
7fdbcc3e7000-7fdbcc3e8000 r--p 00016000 08:05 39321823                   /lib/x86_64-linux-gnu/libgcc_s.so.1
7fdbcc3e8000-7fdbcc3e9000 rw-p 00017000 08:05 39321823                   /lib/x86_64-linux-gnu/libgcc_s.so.1
7fdbcc3e9000-7fdbcc44e000 r-xp 00000000 08:05 4326179                    /usr/lib/jvm/java-8-oracle/jre/lib/amd64/libfontmanager.so
7fdbcc44e000-7fdbcc64d000 ---p 00065000 08:05 4326179                    /usr/lib/jvm/java-8-oracle/jre/lib/amd64/libfontmanager.so
7fdbcc64d000-7fdbcc652000 rw-p 00064000 08:05 4326179                    /usr/lib/jvm/java-8-oracle/jre/lib/amd64/libfontmanager.so
7fdbcc652000-7fdbcc662000 rw-p 00000000 00:00 0 
7fdbcc662000-7fdbcc688000 r--p 00000000 08:05 1574798                    /usr/share/locale-langpack/pt_BR/LC_MESSAGES/libc.mo
7fdbcc688000-7fdbcc69b000 r-xp 00000000 08:05 39321981                   /lib/x86_64-linux-gnu/libbsd.so.0.8.7
7fdbcc69b000-7fdbcc89a000 ---p 00013000 08:05 39321981                   /lib/x86_64-linux-gnu/libbsd.so.0.8.7
7fdbcc89a000-7fdbcc89b000 r--p 00012000 08:05 39321981                   /lib/x86_64-linux-gnu/libbsd.so.0.8.7
7fdbcc89b000-7fdbcc89c000 rw-p 00013000 08:05 39321981                   /lib/x86_64-linux-gnu/libbsd.so.0.8.7
7fdbcc89c000-7fdbcc89d000 rw-p 00000000 00:00 0 
7fdbcc89d000-7fdbcc8a2000 r-xp 00000000 08:05 40902467                   /usr/lib/x86_64-linux-gnu/libXdmcp.so.6.0.0
7fdbcc8a2000-7fdbccaa1000 ---p 00005000 08:05 40902467                   /usr/lib/x86_64-linux-gnu/libXdmcp.so.6.0.0
7fdbccaa1000-7fdbccaa2000 r--p 00004000 08:05 40902467                   /usr/lib/x86_64-linux-gnu/libXdmcp.so.6.0.0
7fdbccaa2000-7fdbccaa3000 rw-p 00005000 08:05 40902467                   /usr/lib/x86_64-linux-gnu/libXdmcp.so.6.0.0
7fdbccaa3000-7fdbccaa5000 r-xp 00000000 08:05 40902456                   /usr/lib/x86_64-linux-gnu/libXau.so.6.0.0
7fdbccaa5000-7fdbccca5000 ---p 00002000 08:05 40902456                   /usr/lib/x86_64-linux-gnu/libXau.so.6.0.0
7fdbccca5000-7fdbccca6000 r--p 00002000 08:05 40902456                   /usr/lib/x86_64-linux-gnu/libXau.so.6.0.0
7fdbccca6000-7fdbccca7000 rw-p 00003000 08:05 40902456                   /usr/lib/x86_64-linux-gnu/libXau.so.6.0.0
7fdbccca7000-7fdbccccd000 r-xp 00000000 08:05 40898202                   /usr/lib/x86_64-linux-gnu/libxcb.so.1.1.0
7fdbccccd000-7fdbccecd000 ---p 00026000 08:05 40898202                   /usr/lib/x86_64-linux-gnu/libxcb.so.1.1.0
7fdbccecd000-7fdbccece000 r--p 00026000 08:05 40898202                   /usr/lib/x86_64-linux-gnu/libxcb.so.1.1.0
7fdbccece000-7fdbccecf000 rw-p 00027000 08:05 40898202                   /usr/lib/x86_64-linux-gnu/libxcb.so.1.1.0
7fdbccecf000-7fdbccede000 r-xp 00000000 08:05 40902479                   /usr/lib/x86_64-linux-gnu/libXi.so.6.1.0
7fdbccede000-7fdbcd0dd000 ---p 0000f000 08:05 40902479                   /usr/lib/x86_64-linux-gnu/libXi.so.6.1.0
7fdbcd0dd000-7fdbcd0de000 r--p 0000e000 08:05 40902479                   /usr/lib/x86_64-linux-gnu/libXi.so.6.1.0
7fdbcd0de000-7fdbcd0df000 rw-p 0000f000 08:05 40902479                   /usr/lib/x86_64-linux-gnu/libXi.so.6.1.0
7fdbcd0df000-7fdbcd0e4000 r-xp 00000000 08:05 40902497                   /usr/lib/x86_64-linux-gnu/libXtst.so.6.1.0
7fdbcd0e4000-7fdbcd2e3000 ---p 00005000 08:05 40902497                   /usr/lib/x86_64-linux-gnu/libXtst.so.6.1.0
7fdbcd2e3000-7fdbcd2e4000 r--p 00004000 08:05 40902497                   /usr/lib/x86_64-linux-gnu/libXtst.so.6.1.0
7fdbcd2e4000-7fdbcd2e5000 rw-p 00005000 08:05 40902497                   /usr/lib/x86_64-linux-gnu/libXtst.so.6.1.0
7fdbcd2e5000-7fdbcd2ee000 r-xp 00000000 08:05 40902491                   /usr/lib/x86_64-linux-gnu/libXrender.so.1.3.0
7fdbcd2ee000-7fdbcd4ed000 ---p 00009000 08:05 40902491                   /usr/lib/x86_64-linux-gnu/libXrender.so.1.3.0
7fdbcd4ed000-7fdbcd4ee000 r--p 00008000 08:05 40902491                   /usr/lib/x86_64-linux-gnu/libXrender.so.1.3.0
7fdbcd4ee000-7fdbcd4ef000 rw-p 00009000 08:05 40902491                   /usr/lib/x86_64-linux-gnu/libXrender.so.1.3.0
7fdbcd4ef000-7fdbcd623000 r-xp 00000000 08:05 40902452                   /usr/lib/x86_64-linux-gnu/libX11.so.6.3.0
7fdbcd623000-7fdbcd823000 ---p 00134000 08:05 40902452                   /usr/lib/x86_64-linux-gnu/libX11.so.6.3.0
7fdbcd823000-7fdbcd824000 r--p 00134000 08:05 40902452                   /usr/lib/x86_64-linux-gnu/libX11.so.6.3.0
7fdbcd824000-7fdbcd828000 rw-p 00135000 08:05 40902452                   /usr/lib/x86_64-linux-gnu/libX11.so.6.3.0
7fdbcd828000-7fdbcd839000 r-xp 00000000 08:05 40902469                   /usr/lib/x86_64-linux-gnu/libXext.so.6.4.0
7fdbcd839000-7fdbcda38000 ---p 00011000 08:05 40902469                   /usr/lib/x86_64-linux-gnu/libXext.so.6.4.0
7fdbcda38000-7fdbcda39000 r--p 00010000 08:05 40902469                   /usr/lib/x86_64-linux-gnu/libXext.so.6.4.0
7fdbcda39000-7fdbcda3a000 rw-p 00011000 08:05 40902469                   /usr/lib/x86_64-linux-gnu/libXext.so.6.4.0
7fdbcda5a000-7fdbcdaae000 r-xp 00000000 08:05 4326206                    /usr/lib/jvm/java-8-oracle/jre/lib/amd64/libawt_xawt.so
7fdbcdaae000-7fdbcdcae000 ---p 00054000 08:05 4326206                    /usr/lib/jvm/java-8-oracle/jre/lib/amd64/libawt_xawt.so
7fdbcdcae000-7fdbcdcb2000 rw-p 00054000 08:05 4326206                    /usr/lib/jvm/java-8-oracle/jre/lib/amd64/libawt_xawt.so
7fdbcdcb2000-7fdbcdcb3000 rw-p 00000000 00:00 0 
7fdbcdcb3000-7fdbcdd55000 r-xp 00000000 08:05 4326192                    /usr/lib/jvm/java-8-oracle/jre/lib/amd64/libawt.so
7fdbcdd55000-7fdbcdf55000 ---p 000a2000 08:05 4326192                    /usr/lib/jvm/java-8-oracle/jre/lib/amd64/libawt.so
7fdbcdf55000-7fdbcdf61000 rw-p 000a2000 08:05 4326192                    /usr/lib/jvm/java-8-oracle/jre/lib/amd64/libawt.so
7fdbcdf61000-7fdbcdf85000 rw-p 00000000 00:00 0 
7fdbcdf85000-7fdbce009000 r-xp 00000000 08:05 4718603                    /tmp/sqlite-3.7.2-libsqlitejdbc.so
7fdbce009000-7fdbce209000 ---p 00084000 08:05 4718603                    /tmp/sqlite-3.7.2-libsqlitejdbc.so
7fdbce209000-7fdbce20a000 r--p 00084000 08:05 4718603                    /tmp/sqlite-3.7.2-libsqlitejdbc.so
7fdbce20a000-7fdbce20d000 rw-p 00085000 08:05 4718603                    /tmp/sqlite-3.7.2-libsqlitejdbc.so
7fdbce20d000-7fdbce20e000 ---p 00000000 00:00 0 
7fdbce20e000-7fdbce30e000 rw-p 00000000 00:00 0 
7fdbce30e000-7fdbce311000 ---p 00000000 00:00 0 
7fdbce311000-7fdbce40f000 rw-p 00000000 00:00 0 
7fdbce40f000-7fdbce410000 ---p 00000000 00:00 0 
7fdbce410000-7fdbce413000 ---p 00000000 00:00 0 
7fdbce413000-7fdbce510000 rw-p 00000000 00:00 0 
7fdbce510000-7fdbce511000 ---p 00000000 00:00 0 
7fdbce511000-7fdbce514000 ---p 00000000 00:00 0 
7fdbce514000-7fdbce611000 rw-p 00000000 00:00 0 
7fdbce611000-7fdbce612000 ---p 00000000 00:00 0 
7fdbce612000-7fdbce615000 ---p 00000000 00:00 0 
7fdbce615000-7fdbce712000 rw-p 00000000 00:00 0 
7fdbce712000-7fdbce715000 ---p 00000000 00:00 0 
7fdbce715000-7fdbce813000 rw-p 00000000 00:00 0 
7fdbce813000-7fdbceaf3000 r--p 00000000 08:05 40900130                   /usr/lib/locale/locale-archive
7fdbceaf3000-7fdbceaf6000 ---p 00000000 00:00 0 
7fdbceaf6000-7fdbcebf4000 rw-p 00000000 00:00 0 
7fdbcebf4000-7fdbcebf7000 ---p 00000000 00:00 0 
7fdbcebf7000-7fdbcecf5000 rw-p 00000000 00:00 0 
7fdbcecf5000-7fdbcecf6000 ---p 00000000 00:00 0 
7fdbcecf6000-7fdbd0000000 rw-p 00000000 00:00 0 
7fdbd0000000-7fdbd0021000 rw-p 00000000 00:00 0 
7fdbd0021000-7fdbd4000000 ---p 00000000 00:00 0 
7fdbd4011000-7fdbd4018000 r--s 00000000 08:05 41162090                   /usr/lib/x86_64-linux-gnu/gconv/gconv-modules.cache
7fdbd4018000-7fdbd401d000 r--s 002f9000 08:05 4325981                    /usr/lib/jvm/java-8-oracle/jre/lib/charsets.jar
7fdbd401d000-7fdbd4022000 r--s 0009d000 08:05 4326040                    /usr/lib/jvm/java-8-oracle/jre/lib/jsse.jar
7fdbd4022000-7fdbd4027000 r--s 00309000 08:05 27791729                   /home/nathan/Área de Trabalho/sqlite-jdbc-3.7.2.jar
7fdbd4027000-7fdbd4031000 r--s 00116000 08:05 4326051                    /usr/lib/jvm/java-8-oracle/jre/lib/ext/localedata.jar
7fdbd4031000-7fdbd404d000 r--s 00393000 08:05 4326044                    /usr/lib/jvm/java-8-oracle/jre/lib/ext/cldrdata.jar
7fdbd404d000-7fdbd8000000 rw-p 00000000 00:00 0 
7fdbd8000000-7fdbd8021000 rw-p 00000000 00:00 0 
7fdbd8021000-7fdbdc000000 ---p 00000000 00:00 0 
7fdbdc003000-7fdbdc3b8000 rw-p 00000000 00:00 0 
7fdbdc3b8000-7fdbdc592000 r--s 03d68000 08:05 4325983                    /usr/lib/jvm/java-8-oracle/jre/lib/rt.jar
7fdbdc592000-7fdbdc96b000 rw-p 00000000 00:00 0 
7fdbdc96b000-7fdbdc96c000 ---p 00000000 00:00 0 
7fdbdc96c000-7fdbdca6c000 rw-p 00000000 00:00 0 
7fdbdca6c000-7fdbdca6d000 ---p 00000000 00:00 0 
7fdbdca6d000-7fdbdcb6d000 rw-p 00000000 00:00 0 
7fdbdcb6d000-7fdbdcb6e000 ---p 00000000 00:00 0 
7fdbdcb6e000-7fdbdcc6e000 rw-p 00000000 00:00 0 
7fdbdcc6e000-7fdbdcc6f000 ---p 00000000 00:00 0 
7fdbdcc6f000-7fdbdcd99000 rw-p 00000000 00:00 0 
7fdbdcd99000-7fdbdd000000 ---p 00000000 00:00 0 
7fdbdd000000-7fdbdd280000 rwxp 00000000 00:00 0 
7fdbdd280000-7fdbec000000 ---p 00000000 00:00 0 
7fdbec000000-7fdbec448000 rw-p 00000000 00:00 0 
7fdbec448000-7fdbf0000000 ---p 00000000 00:00 0 
7fdbf0004000-7fdbf00a4000 rw-p 00000000 00:00 0 
7fdbf00a4000-7fdbf030a000 ---p 00000000 00:00 0 
7fdbf030a000-7fdbf0320000 rw-p 00000000 00:00 0 
7fdbf0320000-7fdbf0453000 ---p 00000000 00:00 0 
7fdbf0453000-7fdbf045e000 rw-p 00000000 00:00 0 
7fdbf045e000-7fdbf0814000 ---p 00000000 00:00 0 
7fdbf0814000-7fdbf082f000 r-xp 00000000 08:05 4326195                    /usr/lib/jvm/java-8-oracle/jre/lib/amd64/libzip.so
7fdbf082f000-7fdbf0a2f000 ---p 0001b000 08:05 4326195                    /usr/lib/jvm/java-8-oracle/jre/lib/amd64/libzip.so
7fdbf0a2f000-7fdbf0a30000 rw-p 0001b000 08:05 4326195                    /usr/lib/jvm/java-8-oracle/jre/lib/amd64/libzip.so
7fdbf0a30000-7fdbf0a3b000 r-xp 00000000 08:05 39321790                   /lib/x86_64-linux-gnu/libnss_files-2.27.so
7fdbf0a3b000-7fdbf0c3a000 ---p 0000b000 08:05 39321790                   /lib/x86_64-linux-gnu/libnss_files-2.27.so
7fdbf0c3a000-7fdbf0c3b000 r--p 0000a000 08:05 39321790                   /lib/x86_64-linux-gnu/libnss_files-2.27.so
7fdbf0c3b000-7fdbf0c3c000 rw-p 0000b000 08:05 39321790                   /lib/x86_64-linux-gnu/libnss_files-2.27.so
7fdbf0c3c000-7fdbf0c42000 rw-p 00000000 00:00 0 
7fdbf0c42000-7fdbf0c59000 r-xp 00000000 08:05 39321787                   /lib/x86_64-linux-gnu/libnsl-2.27.so
7fdbf0c59000-7fdbf0e58000 ---p 00017000 08:05 39321787                   /lib/x86_64-linux-gnu/libnsl-2.27.so
7fdbf0e58000-7fdbf0e59000 r--p 00016000 08:05 39321787                   /lib/x86_64-linux-gnu/libnsl-2.27.so
7fdbf0e59000-7fdbf0e5a000 rw-p 00017000 08:05 39321787                   /lib/x86_64-linux-gnu/libnsl-2.27.so
7fdbf0e5a000-7fdbf0e5c000 rw-p 00000000 00:00 0 
7fdbf0e5c000-7fdbf0e67000 r-xp 00000000 08:05 39321792                   /lib/x86_64-linux-gnu/libnss_nis-2.27.so
7fdbf0e67000-7fdbf1066000 ---p 0000b000 08:05 39321792                   /lib/x86_64-linux-gnu/libnss_nis-2.27.so
7fdbf1066000-7fdbf1067000 r--p 0000a000 08:05 39321792                   /lib/x86_64-linux-gnu/libnss_nis-2.27.so
7fdbf1067000-7fdbf1068000 rw-p 0000b000 08:05 39321792                   /lib/x86_64-linux-gnu/libnss_nis-2.27.so
7fdbf1068000-7fdbf1070000 r-xp 00000000 08:05 39321788                   /lib/x86_64-linux-gnu/libnss_compat-2.27.so
7fdbf1070000-7fdbf1270000 ---p 00008000 08:05 39321788                   /lib/x86_64-linux-gnu/libnss_compat-2.27.so
7fdbf1270000-7fdbf1271000 r--p 00008000 08:05 39321788                   /lib/x86_64-linux-gnu/libnss_compat-2.27.so
7fdbf1271000-7fdbf1272000 rw-p 00009000 08:05 39321788                   /lib/x86_64-linux-gnu/libnss_compat-2.27.so
7fdbf1272000-7fdbf129d000 r-xp 00000000 08:05 4326189                    /usr/lib/jvm/java-8-oracle/jre/lib/amd64/libjava.so
7fdbf129d000-7fdbf149c000 ---p 0002b000 08:05 4326189                    /usr/lib/jvm/java-8-oracle/jre/lib/amd64/libjava.so
7fdbf149c000-7fdbf149e000 rw-p 0002a000 08:05 4326189                    /usr/lib/jvm/java-8-oracle/jre/lib/amd64/libjava.so
7fdbf149e000-7fdbf14ab000 r-xp 00000000 08:05 4326194                    /usr/lib/jvm/java-8-oracle/jre/lib/amd64/libverify.so
7fdbf14ab000-7fdbf16ab000 ---p 0000d000 08:05 4326194                    /usr/lib/jvm/java-8-oracle/jre/lib/amd64/libverify.so
7fdbf16ab000-7fdbf16ad000 rw-p 0000d000 08:05 4326194                    /usr/lib/jvm/java-8-oracle/jre/lib/amd64/libverify.so
7fdbf16ad000-7fdbf16b4000 r-xp 00000000 08:05 39321797                   /lib/x86_64-linux-gnu/librt-2.27.so
7fdbf16b4000-7fdbf18b3000 ---p 00007000 08:05 39321797                   /lib/x86_64-linux-gnu/librt-2.27.so
7fdbf18b3000-7fdbf18b4000 r--p 00006000 08:05 39321797                   /lib/x86_64-linux-gnu/librt-2.27.so
7fdbf18b4000-7fdbf18b5000 rw-p 00007000 08:05 39321797                   /lib/x86_64-linux-gnu/librt-2.27.so
7fdbf18b5000-7fdbf1a52000 r-xp 00000000 08:05 39321784                   /lib/x86_64-linux-gnu/libm-2.27.so
7fdbf1a52000-7fdbf1c51000 ---p 0019d000 08:05 39321784                   /lib/x86_64-linux-gnu/libm-2.27.so
7fdbf1c51000-7fdbf1c52000 r--p 0019c000 08:05 39321784                   /lib/x86_64-linux-gnu/libm-2.27.so
7fdbf1c52000-7fdbf1c53000 rw-p 0019d000 08:05 39321784                   /lib/x86_64-linux-gnu/libm-2.27.so
7fdbf1c53000-7fdbf292c000 r-xp 00000000 08:05 4326171                    /usr/lib/jvm/java-8-oracle/jre/lib/amd64/server/libjvm.so
7fdbf292c000-7fdbf2b2b000 ---p 00cd9000 08:05 4326171                    /usr/lib/jvm/java-8-oracle/jre/lib/amd64/server/libjvm.so
7fdbf2b2b000-7fdbf2c05000 rw-p 00cd8000 08:05 4326171                    /usr/lib/jvm/java-8-oracle/jre/lib/amd64/server/libjvm.so
7fdbf2c05000-7fdbf2c50000 rw-p 00000000 00:00 0 
7fdbf2c50000-7fdbf2e37000 r-xp 00000000 08:05 39321780                   /lib/x86_64-linux-gnu/libc-2.27.so
7fdbf2e37000-7fdbf3037000 ---p 001e7000 08:05 39321780                   /lib/x86_64-linux-gnu/libc-2.27.so
7fdbf3037000-7fdbf303b000 r--p 001e7000 08:05 39321780                   /lib/x86_64-linux-gnu/libc-2.27.so
7fdbf303b000-7fdbf303d000 rw-p 001eb000 08:05 39321780                   /lib/x86_64-linux-gnu/libc-2.27.so
7fdbf303d000-7fdbf3041000 rw-p 00000000 00:00 0 
7fdbf3041000-7fdbf3044000 r-xp 00000000 08:05 39321783                   /lib/x86_64-linux-gnu/libdl-2.27.so
7fdbf3044000-7fdbf3243000 ---p 00003000 08:05 39321783                   /lib/x86_64-linux-gnu/libdl-2.27.so
7fdbf3243000-7fdbf3244000 r--p 00002000 08:05 39321783                   /lib/x86_64-linux-gnu/libdl-2.27.so
7fdbf3244000-7fdbf3245000 rw-p 00003000 08:05 39321783                   /lib/x86_64-linux-gnu/libdl-2.27.so
7fdbf3245000-7fdbf325b000 r-xp 00000000 08:05 4325813                    /usr/lib/jvm/java-8-oracle/lib/amd64/jli/libjli.so
7fdbf325b000-7fdbf345a000 ---p 00016000 08:05 4325813                    /usr/lib/jvm/java-8-oracle/lib/amd64/jli/libjli.so
7fdbf345a000-7fdbf345b000 rw-p 00015000 08:05 4325813                    /usr/lib/jvm/java-8-oracle/lib/amd64/jli/libjli.so
7fdbf345b000-7fdbf3475000 r-xp 00000000 08:05 39321795                   /lib/x86_64-linux-gnu/libpthread-2.27.so
7fdbf3475000-7fdbf3674000 ---p 0001a000 08:05 39321795                   /lib/x86_64-linux-gnu/libpthread-2.27.so
7fdbf3674000-7fdbf3675000 r--p 00019000 08:05 39321795                   /lib/x86_64-linux-gnu/libpthread-2.27.so
7fdbf3675000-7fdbf3676000 rw-p 0001a000 08:05 39321795                   /lib/x86_64-linux-gnu/libpthread-2.27.so
7fdbf3676000-7fdbf367a000 rw-p 00000000 00:00 0 
7fdbf367a000-7fdbf36a1000 r-xp 00000000 08:05 39321776                   /lib/x86_64-linux-gnu/ld-2.27.so
7fdbf36a2000-7fdbf36a7000 r--s 00084000 08:05 4325900                    /usr/lib/jvm/java-8-oracle/jre/lib/jfr.jar
7fdbf36a7000-7fdbf36ac000 r--s 002f9000 08:05 4325981                    /usr/lib/jvm/java-8-oracle/jre/lib/charsets.jar
7fdbf36ac000-7fdbf36b1000 r--s 0009d000 08:05 4326040                    /usr/lib/jvm/java-8-oracle/jre/lib/jsse.jar
7fdbf36b1000-7fdbf377c000 rw-p 00000000 00:00 0 
7fdbf377c000-7fdbf377d000 ---p 00000000 00:00 0 
7fdbf377d000-7fdbf3780000 ---p 00000000 00:00 0 
7fdbf3780000-7fdbf3881000 rw-p 00000000 00:00 0 
7fdbf3881000-7fdbf3884000 r--s 0001a000 08:05 4326215                    /usr/lib/jvm/java-8-oracle/jre/lib/jce.jar
7fdbf3884000-7fdbf3897000 r--s 00345000 08:05 4326021                    /usr/lib/jvm/java-8-oracle/jre/lib/resources.jar
7fdbf3897000-7fdbf389f000 rw-s 00000000 08:05 5640223                    /tmp/hsperfdata_nathan/9553
7fdbf389f000-7fdbf38a0000 rw-p 00000000 00:00 0 
7fdbf38a0000-7fdbf38a1000 r--p 00000000 00:00 0 
7fdbf38a1000-7fdbf38a2000 r--p 00027000 08:05 39321776                   /lib/x86_64-linux-gnu/ld-2.27.so
7fdbf38a2000-7fdbf38a3000 rw-p 00028000 08:05 39321776                   /lib/x86_64-linux-gnu/ld-2.27.so
7fdbf38a3000-7fdbf38a4000 rw-p 00000000 00:00 0 
7ffe077e6000-7ffe07807000 rw-p 00000000 00:00 0                          [stack]
7ffe078fa000-7ffe078fd000 r--p 00000000 00:00 0                          [vvar]
7ffe078fd000-7ffe078ff000 r-xp 00000000 00:00 0                          [vdso]
ffffffffff600000-ffffffffff601000 r-xp 00000000 00:00 0                  [vsyscall]

VM Arguments:
jvm_args: -Dfile.encoding=UTF-8 
java_command: Principal
java_class_path (initial): /usr/lib/jvm/java-8-oracle/jre/lib/resources.jar:/usr/lib/jvm/java-8-oracle/jre/lib/rt.jar:/usr/lib/jvm/java-8-oracle/jre/lib/jsse.jar:/usr/lib/jvm/java-8-oracle/jre/lib/jce.jar:/usr/lib/jvm/java-8-oracle/jre/lib/charsets.jar:/usr/lib/jvm/java-8-oracle/jre/lib/jfr.jar:/usr/lib/jvm/java-8-oracle/jre/lib/ext/jfxrt.jar:/usr/lib/jvm/java-8-oracle/jre/lib/ext/dnsns.jar:/usr/lib/jvm/java-8-oracle/jre/lib/ext/zipfs.jar:/usr/lib/jvm/java-8-oracle/jre/lib/ext/cldrdata.jar:/usr/lib/jvm/java-8-oracle/jre/lib/ext/localedata.jar:/usr/lib/jvm/java-8-oracle/jre/lib/ext/nashorn.jar:/usr/lib/jvm/java-8-oracle/jre/lib/ext/sunec.jar:/usr/lib/jvm/java-8-oracle/jre/lib/ext/sunpkcs11.jar:/usr/lib/jvm/java-8-oracle/jre/lib/ext/jaccess.jar:/usr/lib/jvm/java-8-oracle/jre/lib/ext/sunjce_provider.jar:/home/nathan/Documentos/nathan/Poo/atividade3/Trabalho Final/bin:/home/nathan/Área de Trabalho/sqlite-jdbc-3.7.2.jar
Launcher Type: SUN_STANDARD

Environment Variables:
JAVA_HOME=/usr/lib/jvm/java-8-oracle
PATH=/usr/local/sbin:/usr/local/bin:/usr/sbin:/usr/bin:/sbin:/bin:/usr/games:/usr/local/games:/snap/bin:/usr/lib/jvm/java-8-oracle/bin:/usr/lib/jvm/java-8-oracle/db/bin:/usr/lib/jvm/java-8-oracle/jre/bin
USERNAME=nathan
SHELL=/bin/bash
DISPLAY=:0

Signal Handlers:
SIGSEGV: [libjvm.so+0xad0890], sa_mask[0]=11111111011111111101111111111110, sa_flags=SA_RESTART|SA_SIGINFO
SIGBUS: [libjvm.so+0xad0890], sa_mask[0]=11111111011111111101111111111110, sa_flags=SA_RESTART|SA_SIGINFO
SIGFPE: [libjvm.so+0x928640], sa_mask[0]=11111111011111111101111111111110, sa_flags=SA_RESTART|SA_SIGINFO
SIGPIPE: [libjvm.so+0x928640], sa_mask[0]=11111111011111111101111111111110, sa_flags=SA_RESTART|SA_SIGINFO
SIGXFSZ: [libjvm.so+0x928640], sa_mask[0]=11111111011111111101111111111110, sa_flags=SA_RESTART|SA_SIGINFO
SIGILL: [libjvm.so+0x928640], sa_mask[0]=11111111011111111101111111111110, sa_flags=SA_RESTART|SA_SIGINFO
SIGUSR1: SIG_DFL, sa_mask[0]=00000000000000000000000000000000, sa_flags=none
SIGUSR2: [libjvm.so+0x929ea0], sa_mask[0]=00100000000000000000000000000000, sa_flags=SA_RESTART|SA_SIGINFO
SIGHUP: [libjvm.so+0x92b2a0], sa_mask[0]=11111111011111111101111111111110, sa_flags=SA_RESTART|SA_SIGINFO
SIGINT: [libjvm.so+0x92b2a0], sa_mask[0]=11111111011111111101111111111110, sa_flags=SA_RESTART|SA_SIGINFO
SIGTERM: [libjvm.so+0x92b2a0], sa_mask[0]=11111111011111111101111111111110, sa_flags=SA_RESTART|SA_SIGINFO
SIGQUIT: [libjvm.so+0x92b2a0], sa_mask[0]=11111111011111111101111111111110, sa_flags=SA_RESTART|SA_SIGINFO


---------------  S Y S T E M  ---------------

OS:DISTRIB_ID=Ubuntu
DISTRIB_RELEASE=18.04
DISTRIB_CODENAME=bionic
DISTRIB_DESCRIPTION="Ubuntu 18.04 LTS"

uname:Linux 4.15.0-22-generic #24-Ubuntu SMP Wed May 16 12:15:17 UTC 2018 x86_64
libc:glibc 2.27 NPTL 2.27 
rlimit: STACK 8192k, CORE 0k, NPROC 31259, NOFILE 1048576, AS infinity
load average:0,70 0,91 1,02

/proc/meminfo:
MemTotal:        8061336 kB
MemFree:         2850272 kB
MemAvailable:    4609100 kB
Buffers:          359168 kB
Cached:          1714288 kB
SwapCached:            0 kB
Active:          3605032 kB
Inactive:        1188404 kB
Active(anon):    2721096 kB
Inactive(anon):   223076 kB
Active(file):     883936 kB
Inactive(file):   965328 kB
Unevictable:          16 kB
Mlocked:              16 kB
SwapTotal:       2097148 kB
SwapFree:        2097148 kB
Dirty:              2380 kB
Writeback:             0 kB
AnonPages:       2719892 kB
Mapped:           264656 kB
Shmem:            224168 kB
Slab:             273376 kB
SReclaimable:     214432 kB
SUnreclaim:        58944 kB
KernelStack:       11824 kB
PageTables:        33520 kB
NFS_Unstable:          0 kB
Bounce:                0 kB
WritebackTmp:          0 kB
CommitLimit:     6127816 kB
Committed_AS:    7107028 kB
VmallocTotal:   34359738367 kB
VmallocUsed:           0 kB
VmallocChunk:          0 kB
HardwareCorrupted:     0 kB
AnonHugePages:         0 kB
ShmemHugePages:        0 kB
ShmemPmdMapped:        0 kB
CmaTotal:              0 kB
CmaFree:               0 kB
HugePages_Total:       0
HugePages_Free:        0
HugePages_Rsvd:        0
HugePages_Surp:        0
Hugepagesize:       2048 kB
DirectMap4k:      273736 kB
DirectMap2M:     8007680 kB
DirectMap1G:           0 kB


CPU:total 4 (initial active 4) (2 cores per cpu, 2 threads per core) family 6 model 61 stepping 4, cmov, cx8, fxsr, mmx, sse, sse2, sse3, ssse3, sse4.1, sse4.2, popcnt, avx, avx2, aes, clmul, erms, 3dnowpref, lzcnt, ht, tsc, tscinvbit, bmi1, bmi2, adx

/proc/cpuinfo:
processor	: 0
vendor_id	: GenuineIntel
cpu family	: 6
model		: 61
model name	: Intel(R) Core(TM) i7-5500U CPU @ 2.40GHz
stepping	: 4
microcode	: 0x2a
cpu MHz		: 2893.573
cache size	: 4096 KB
physical id	: 0
siblings	: 4
core id		: 0
cpu cores	: 2
apicid		: 0
initial apicid	: 0
fpu		: yes
fpu_exception	: yes
cpuid level	: 20
wp		: yes
flags		: fpu vme de pse tsc msr pae mce cx8 apic sep mtrr pge mca cmov pat pse36 clflush dts acpi mmx fxsr sse sse2 ss ht tm pbe syscall nx pdpe1gb rdtscp lm constant_tsc arch_perfmon pebs bts rep_good nopl xtopology nonstop_tsc cpuid aperfmperf pni pclmulqdq dtes64 monitor ds_cpl vmx est tm2 ssse3 sdbg fma cx16 xtpr pdcm pcid sse4_1 sse4_2 x2apic movbe popcnt tsc_deadline_timer aes xsave avx f16c rdrand lahf_lm abm 3dnowprefetch cpuid_fault epb invpcid_single pti tpr_shadow vnmi flexpriority ept vpid fsgsbase tsc_adjust bmi1 avx2 smep bmi2 erms invpcid rdseed adx smap intel_pt xsaveopt ibpb ibrs stibp dtherm ida arat pln pts
bugs		: cpu_meltdown spectre_v1 spectre_v2 spec_store_bypass
bogomips	: 4789.36
clflush size	: 64
cache_alignment	: 64
address sizes	: 39 bits physical, 48 bits virtual
power management:

processor	: 1
vendor_id	: GenuineIntel
cpu family	: 6
model		: 61
model name	: Intel(R) Core(TM) i7-5500U CPU @ 2.40GHz
stepping	: 4
microcode	: 0x2a
cpu MHz		: 2893.572
cache size	: 4096 KB
physical id	: 0
siblings	: 4
core id		: 1
cpu cores	: 4
apicid		: 2
initial apicid	: 2
fpu		: yes
fpu_exception	: yes
cpuid level	: 20
wp		: yes
flags		: fpu vme de pse tsc msr pae mce cx8 apic sep mtrr pge mca cmov pat pse36 clflush dts acpi mmx fxsr sse sse2 ss ht tm pbe syscall nx pdpe1gb rdtscp lm constant_tsc arch_perfmon pebs bts rep_good nopl xtopology nonstop_tsc cpuid aperfmperf pni pclmulqdq dtes64 monitor ds_cpl vmx est tm2 ssse3 sdbg fma cx16 xtpr pdcm pcid sse4_1 sse4_2 x2apic movbe popcnt tsc_deadline_timer aes xsave avx f16c rdrand lahf_lm abm 3dnowprefetch cpuid_fault epb invpcid_single pti tpr_shadow vnmi flexpriority ept vpid fsgsbase tsc_adjust bmi1 avx2 smep bmi2 erms invpcid rdseed adx smap intel_pt xsaveopt ibpb ibrs stibp dtherm ida arat pln pts
bugs		: cpu_meltdown spectre_v1 spectre_v2 spec_store_bypass
bogomips	: 4789.36
clflush size	: 64
cache_alignment	: 64
address sizes	: 39 bits physical, 48 bits virtual
power management:

processor	: 2
vendor_id	: GenuineIntel
cpu family	: 6
model		: 61
model name	: Intel(R) Core(TM) i7-5500U CPU @ 2.40GHz
stepping	: 4
microcode	: 0x2a
cpu MHz		: 2893.574
cache size	: 4096 KB
physical id	: 0
siblings	: 4
core id		: 0
cpu cores	: 2
apicid		: 1
initial apicid	: 1
fpu		: yes
fpu_exception	: yes
cpuid level	: 20
wp		: yes
flags		: fpu vme de pse tsc msr pae mce cx8 apic sep mtrr pge mca cmov pat pse36 clflush dts acpi mmx fxsr sse sse2 ss ht tm pbe syscall nx pdpe1gb rdtscp lm constant_tsc arch_perfmon pebs bts rep_good nopl xtopology nonstop_tsc cpuid aperfmperf pni pclmulqdq dtes64 monitor ds_cpl vmx est tm2 ssse3 sdbg fma cx16 xtpr pdcm pcid sse4_1 sse4_2 x2apic movbe popcnt tsc_deadline_timer aes xsave avx f16c rdrand lahf_lm abm 3dnowprefetch cpuid_fault epb invpcid_single pti tpr_shadow vnmi flexpriority ept vpid fsgsbase tsc_adjust bmi1 avx2 smep bmi2 erms invpcid rdseed adx smap intel_pt xsaveopt ibpb ibrs stibp dtherm ida arat pln pts
bugs		: cpu_meltdown spectre_v1 spectre_v2 spec_store_bypass
bogomips	: 4789.36
clflush size	: 64
cache_alignment	: 64
address sizes	: 39 bits physical, 48 bits virtual
power management:

processor	: 3
vendor_id	: GenuineIntel
cpu family	: 6
model		: 61
model name	: Intel(R) Core(TM) i7-5500U CPU @ 2.40GHz
stepping	: 4
microcode	: 0x2a
cpu MHz		: 2893.572
cache size	: 4096 KB
physical id	: 0
siblings	: 4
core id		: 1
cpu cores	: 1
apicid		: 3
initial apicid	: 3
fpu		: yes
fpu_exception	: yes
cpuid level	: 20
wp		: yes
flags		: fpu vme de pse tsc msr pae mce cx8 apic sep mtrr pge mca cmov pat pse36 clflush dts acpi mmx fxsr sse sse2 ss ht tm pbe syscall nx pdpe1gb rdtscp lm constant_tsc arch_perfmon pebs bts rep_good nopl xtopology nonstop_tsc cpuid aperfmperf pni pclmulqdq dtes64 monitor ds_cpl vmx est tm2 ssse3 sdbg fma cx16 xtpr pdcm pcid sse4_1 sse4_2 x2apic movbe popcnt tsc_deadline_timer aes xsave avx f16c rdrand lahf_lm abm 3dnowprefetch cpuid_fault epb invpcid_single pti tpr_shadow vnmi flexpriority ept vpid fsgsbase tsc_adjust bmi1 avx2 smep bmi2 erms invpcid rdseed adx smap intel_pt xsaveopt ibpb ibrs stibp dtherm ida arat pln pts
bugs		: cpu_meltdown spectre_v1 spectre_v2 spec_store_bypass
bogomips	: 4789.36
clflush size	: 64
cache_alignment	: 64
address sizes	: 39 bits physical, 48 bits virtual
power management:



Memory: 4k page, physical 8061336k(2850272k free), swap 2097148k(2097148k free)

vm_info: Java HotSpot(TM) 64-Bit Server VM (25.171-b11) for linux-amd64 JRE (1.8.0_171-b11), built on Mar 28 2018 17:07:08 by "java_re" with gcc 4.3.0 20080428 (Red Hat 4.3.0-8)

time: Fri Jun  8 13:08:46 2018
elapsed time: 1542 seconds (0d 0h 25m 42s)

